;  LST file generated by mikroListExporter - v.2.0 
; Date/Time: 26/04/2018 12:22:09
;----------------------------------------------

;Address Opcode 	ASM
0x0000	0xF005EFDB  	GOTO        2998
0x0004	0x0000      	NOP
0x0006	0x0000      	NOP
0x0008	0xF000EF00  	GOTO        0
0x000C	0x0000      	NOP
0x000E	0x0000      	NOP
0x0010	0x0000      	NOP
0x0012	0x0000      	NOP
0x0014	0x0000      	NOP
0x0016	0x0000      	NOP
0x0018	0xD7F3      	BRA         0
_Delay_1us:
;__Lib_Delays.c,7 :: 		void Delay_1us() {
;__Lib_Delays.c,8 :: 		Delay_us(1);
0x001C	0x0000      	NOP
0x001E	0x0000      	NOP
;__Lib_Delays.c,9 :: 		}
L_end_Delay_1us:
0x0020	0x0012      	RETURN      0
; end of _Delay_1us
_Delay_5500us:
;__Lib_Delays.c,31 :: 		void Delay_5500us() {
;__Lib_Delays.c,32 :: 		Delay_us(5500);
0x0022	0x0E0F      	MOVLW       15
0x0024	0x6E0C      	MOVWF       R12, 0
0x0026	0x0E47      	MOVLW       71
0x0028	0x6E0D      	MOVWF       R13, 0
L_Delay_5500us5:
0x002A	0x2E0D      	DECFSZ      R13, 1, 0
0x002C	0xD7FE      	BRA         L_Delay_5500us5
0x002E	0x2E0C      	DECFSZ      R12, 1, 0
0x0030	0xD7FC      	BRA         L_Delay_5500us5
0x0032	0x0000      	NOP
0x0034	0x0000      	NOP
;__Lib_Delays.c,33 :: 		}
L_end_Delay_5500us:
0x0036	0x0012      	RETURN      0
; end of _Delay_5500us
_Delay_50us:
;__Lib_Delays.c,19 :: 		void Delay_50us() {
;__Lib_Delays.c,20 :: 		Delay_us(50);
0x0038	0x0E21      	MOVLW       33
0x003A	0x6E0D      	MOVWF       R13, 0
L_Delay_50us2:
0x003C	0x2E0D      	DECFSZ      R13, 1, 0
0x003E	0xD7FE      	BRA         L_Delay_50us2
;__Lib_Delays.c,21 :: 		}
L_end_Delay_50us:
0x0040	0x0012      	RETURN      0
; end of _Delay_50us
_RES032:
;__Lib_MathDouble.c,128 :: 		
;__Lib_MathDouble.c,134 :: 		
0x0042	0x6A02      	CLRF        R2, 0
;__Lib_MathDouble.c,135 :: 		
0x0044	0x6A01      	CLRF        R1, 0
;__Lib_MathDouble.c,136 :: 		
0x0046	0x6A00      	CLRF        R0, 0
;__Lib_MathDouble.c,137 :: 		
0x0048	0x6A08      	CLRF        R8, 0
;__Lib_MathDouble.c,138 :: 		
0x004A	0x6A03      	CLRF        R3, 0
;__Lib_MathDouble.c,139 :: 		
0x004C	0x0E00      	MOVLW       0
;__Lib_MathDouble.c,141 :: 		
L_end_RES032:
0x004E	0x0012      	RETURN      0
; end of _RES032
_SETFOV32:
;__Lib_MathDouble.c,82 :: 		
;__Lib_MathDouble.c,90 :: 		
0x0050	0x820B      	BSF         R11, 1, 0
;__Lib_MathDouble.c,91 :: 		
0x0052	0xAE0B      	BTFSS       R11, 7, 0
;__Lib_MathDouble.c,92 :: 		
0x0054	0xF000EF32  	GOTO        SETFOV32EEE
;__Lib_MathDouble.c,94 :: 		
0x0058	0x6803      	SETF        R3, 0
;__Lib_MathDouble.c,95 :: 		
0x005A	0x6802      	SETF        R2, 0
;__Lib_MathDouble.c,96 :: 		
0x005C	0x6801      	SETF        R1, 0
;__Lib_MathDouble.c,97 :: 		
0x005E	0x6800      	SETF        R0, 0
;__Lib_MathDouble.c,98 :: 		
0x0060	0x360A      	RLCF        R10, 1, 0
;__Lib_MathDouble.c,99 :: 		
0x0062	0x3202      	RRCF        R2, 1, 0
;__Lib_MathDouble.c,100 :: 		
SETFOV32EEE:
;__Lib_MathDouble.c,101 :: 		
0x0064	0x0EFF      	MOVLW       255
;__Lib_MathDouble.c,103 :: 		
L_end_SETFOV32:
0x0066	0x0012      	RETURN      0
; end of _SETFOV32
_FIXSIGN32:
;__Lib_MathDouble.c,117 :: 		
;__Lib_MathDouble.c,121 :: 		
0x0068	0xAE0A      	BTFSS       R10, 7, 0
;__Lib_MathDouble.c,122 :: 		
0x006A	0x9E02      	BCF         R2, 7, 0
;__Lib_MathDouble.c,123 :: 		
0x006C	0x0E00      	MOVLW       0
;__Lib_MathDouble.c,125 :: 		
L_end_FIXSIGN32:
0x006E	0x0012      	RETURN      0
; end of _FIXSIGN32
_Lcd_Cmd:
;__Lib_Lcd.c,18 :: 		
;__Lib_Lcd.c,20 :: 		
0x0070	0x0100      	MOVLB       0
0x0072	0xBF65      	BTFSC       FARG_Lcd_Cmd_out_char, 7, 1
0x0074	0xD002      	BRA         L__Lcd_Cmd21
0x0076	0x9E81      	BCF         LCD_D7, BitPos(LCD_D7+0) 
0x0078	0xD001      	BRA         L__Lcd_Cmd22
L__Lcd_Cmd21:
0x007A	0x8E81      	BSF         LCD_D7, BitPos(LCD_D7+0) 
L__Lcd_Cmd22:
;__Lib_Lcd.c,21 :: 		
0x007C	0xBD65      	BTFSC       FARG_Lcd_Cmd_out_char, 6, 1
0x007E	0xD002      	BRA         L__Lcd_Cmd23
0x0080	0x9C81      	BCF         LCD_D6, BitPos(LCD_D6+0) 
0x0082	0xD001      	BRA         L__Lcd_Cmd24
L__Lcd_Cmd23:
0x0084	0x8C81      	BSF         LCD_D6, BitPos(LCD_D6+0) 
L__Lcd_Cmd24:
;__Lib_Lcd.c,22 :: 		
0x0086	0xBB65      	BTFSC       FARG_Lcd_Cmd_out_char, 5, 1
0x0088	0xD002      	BRA         L__Lcd_Cmd25
0x008A	0x9A81      	BCF         LCD_D5, BitPos(LCD_D5+0) 
0x008C	0xD001      	BRA         L__Lcd_Cmd26
L__Lcd_Cmd25:
0x008E	0x8A81      	BSF         LCD_D5, BitPos(LCD_D5+0) 
L__Lcd_Cmd26:
;__Lib_Lcd.c,23 :: 		
0x0090	0xB965      	BTFSC       FARG_Lcd_Cmd_out_char, 4, 1
0x0092	0xD002      	BRA         L__Lcd_Cmd27
0x0094	0x9881      	BCF         LCD_D4, BitPos(LCD_D4+0) 
0x0096	0xD001      	BRA         L__Lcd_Cmd28
L__Lcd_Cmd27:
0x0098	0x8881      	BSF         LCD_D4, BitPos(LCD_D4+0) 
L__Lcd_Cmd28:
;__Lib_Lcd.c,25 :: 		
0x009A	0xB04E      	BTFSC       __Lib_Lcd_cmd_status, BitPos(__Lib_Lcd_cmd_status+0) 
0x009C	0xD002      	BRA         L__Lcd_Cmd29
0x009E	0x8481      	BSF         LCD_RS, BitPos(LCD_RS+0) 
0x00A0	0xD001      	BRA         L__Lcd_Cmd30
L__Lcd_Cmd29:
0x00A2	0x9481      	BCF         LCD_RS, BitPos(LCD_RS+0) 
L__Lcd_Cmd30:
;__Lib_Lcd.c,28 :: 		
0x00A4	0x8681      	BSF         LCD_EN, BitPos(LCD_EN+0) 
;__Lib_Lcd.c,29 :: 		
0x00A6	0xDFBA      	RCALL       _Delay_1us
;__Lib_Lcd.c,30 :: 		
0x00A8	0x9681      	BCF         LCD_EN, BitPos(LCD_EN+0) 
;__Lib_Lcd.c,33 :: 		
0x00AA	0xB765      	BTFSC       FARG_Lcd_Cmd_out_char, 3, 1
0x00AC	0xD002      	BRA         L__Lcd_Cmd31
0x00AE	0x9E81      	BCF         LCD_D7, BitPos(LCD_D7+0) 
0x00B0	0xD001      	BRA         L__Lcd_Cmd32
L__Lcd_Cmd31:
0x00B2	0x8E81      	BSF         LCD_D7, BitPos(LCD_D7+0) 
L__Lcd_Cmd32:
;__Lib_Lcd.c,34 :: 		
0x00B4	0xB565      	BTFSC       FARG_Lcd_Cmd_out_char, 2, 1
0x00B6	0xD002      	BRA         L__Lcd_Cmd33
0x00B8	0x9C81      	BCF         LCD_D6, BitPos(LCD_D6+0) 
0x00BA	0xD001      	BRA         L__Lcd_Cmd34
L__Lcd_Cmd33:
0x00BC	0x8C81      	BSF         LCD_D6, BitPos(LCD_D6+0) 
L__Lcd_Cmd34:
;__Lib_Lcd.c,35 :: 		
0x00BE	0xB365      	BTFSC       FARG_Lcd_Cmd_out_char, 1, 1
0x00C0	0xD002      	BRA         L__Lcd_Cmd35
0x00C2	0x9A81      	BCF         LCD_D5, BitPos(LCD_D5+0) 
0x00C4	0xD001      	BRA         L__Lcd_Cmd36
L__Lcd_Cmd35:
0x00C6	0x8A81      	BSF         LCD_D5, BitPos(LCD_D5+0) 
L__Lcd_Cmd36:
;__Lib_Lcd.c,36 :: 		
0x00C8	0xB165      	BTFSC       FARG_Lcd_Cmd_out_char, 0, 1
0x00CA	0xD002      	BRA         L__Lcd_Cmd37
0x00CC	0x9881      	BCF         LCD_D4, BitPos(LCD_D4+0) 
0x00CE	0xD001      	BRA         L__Lcd_Cmd38
L__Lcd_Cmd37:
0x00D0	0x8881      	BSF         LCD_D4, BitPos(LCD_D4+0) 
L__Lcd_Cmd38:
;__Lib_Lcd.c,38 :: 		
0x00D2	0xB04E      	BTFSC       __Lib_Lcd_cmd_status, BitPos(__Lib_Lcd_cmd_status+0) 
0x00D4	0xD002      	BRA         L__Lcd_Cmd39
0x00D6	0x8481      	BSF         LCD_RS, BitPos(LCD_RS+0) 
0x00D8	0xD001      	BRA         L__Lcd_Cmd40
L__Lcd_Cmd39:
0x00DA	0x9481      	BCF         LCD_RS, BitPos(LCD_RS+0) 
L__Lcd_Cmd40:
;__Lib_Lcd.c,40 :: 		
0x00DC	0x8681      	BSF         LCD_EN, BitPos(LCD_EN+0) 
;__Lib_Lcd.c,41 :: 		
0x00DE	0xDF9E      	RCALL       _Delay_1us
;__Lib_Lcd.c,42 :: 		
0x00E0	0x9681      	BCF         LCD_EN, BitPos(LCD_EN+0) 
;__Lib_Lcd.c,44 :: 		
0x00E2	0xA04E      	BTFSS       __Lib_Lcd_cmd_status, BitPos(__Lib_Lcd_cmd_status+0) 
0x00E4	0xD002      	BRA         L_Lcd_Cmd0
;__Lib_Lcd.c,45 :: 		
0x00E6	0xDF9D      	RCALL       _Delay_5500us
0x00E8	0xD001      	BRA         L_Lcd_Cmd1
L_Lcd_Cmd0:
;__Lib_Lcd.c,47 :: 		
0x00EA	0xDFA6      	RCALL       _Delay_50us
L_Lcd_Cmd1:
;__Lib_Lcd.c,48 :: 		
L_end_Lcd_Cmd:
0x00EC	0x0012      	RETURN      0
; end of _Lcd_Cmd
_SETFUN32:
;__Lib_MathDouble.c,144 :: 		
;__Lib_MathDouble.c,152 :: 		
0x00EE	0x840B      	BSF         R11, 2, 0
;__Lib_MathDouble.c,153 :: 		
0x00F0	0xAE0B      	BTFSS       R11, 7, 0
;__Lib_MathDouble.c,154 :: 		
0x00F2	0xF000EF82  	GOTO        SETFUN32EEE
;__Lib_MathDouble.c,156 :: 		
0x00F6	0x0E01      	MOVLW       1
;__Lib_MathDouble.c,157 :: 		
0x00F8	0x6E03      	MOVWF       R3, 0
;__Lib_MathDouble.c,158 :: 		
0x00FA	0x6A02      	CLRF        R2, 0
;__Lib_MathDouble.c,159 :: 		
0x00FC	0x6A01      	CLRF        R1, 0
;__Lib_MathDouble.c,160 :: 		
0x00FE	0x6A00      	CLRF        R0, 0
;__Lib_MathDouble.c,161 :: 		
0x0100	0x360A      	RLCF        R10, 1, 0
;__Lib_MathDouble.c,162 :: 		
0x0102	0x3202      	RRCF        R2, 1, 0
;__Lib_MathDouble.c,163 :: 		
SETFUN32EEE:
;__Lib_MathDouble.c,164 :: 		
0x0104	0x0EFF      	MOVLW       255
;__Lib_MathDouble.c,166 :: 		
L_end_SETFUN32:
0x0106	0x0012      	RETURN      0
; end of _SETFUN32
_strcpy:
;__Lib_CString.c,133 :: 		
;__Lib_CString.c,136 :: 		
0x0108	0xF004C061  	MOVFF       FARG_strcpy_to, R4
0x010C	0xF005C062  	MOVFF       FARG_strcpy_to+1, R5
;__Lib_CString.c,137 :: 		
L_strcpy34:
0x0110	0xF002C004  	MOVFF       R4, R2
0x0114	0xF003C005  	MOVFF       R5, R3
0x0118	0x4A04      	INFSNZ      R4, 1 
0x011A	0x2A05      	INCF        R5, 1 
0x011C	0xF000C063  	MOVFF       FARG_strcpy_from, R0
0x0120	0xF001C064  	MOVFF       FARG_strcpy_from+1, R1
0x0124	0x0100      	MOVLB       0
0x0126	0x4B63      	INFSNZ      FARG_strcpy_from, 1, 1
0x0128	0x2B64      	INCF        FARG_strcpy_from+1, 1, 1
0x012A	0xFFE9C000  	MOVFF       R0, FSR0L
0x012E	0xFFEAC001  	MOVFF       R1, FSR0H
0x0132	0xFFE1C002  	MOVFF       R2, FSR1L
0x0136	0xFFE2C003  	MOVFF       R3, FSR1H
0x013A	0xFFE6CFEE  	MOVFF       POSTINC0, POSTINC1
0x013E	0xFFE9C002  	MOVFF       R2, FSR0L
0x0142	0xFFEAC003  	MOVFF       R3, FSR0H
0x0146	0x52EE      	MOVF        POSTINC0, 1 
0x0148	0xE001      	BZ          L_strcpy35
;__Lib_CString.c,138 :: 		
0x014A	0xD7E2      	BRA         L_strcpy34
L_strcpy35:
;__Lib_CString.c,139 :: 		
0x014C	0xF000C061  	MOVFF       FARG_strcpy_to, R0
0x0150	0xF001C062  	MOVFF       FARG_strcpy_to+1, R1
;__Lib_CString.c,140 :: 		
L_end_strcpy:
0x0154	0x0012      	RETURN      0
; end of _strcpy
_Compare_Double:
;__Lib_MathDouble.c,2518 :: 		
;__Lib_MathDouble.c,2529 :: 		
0x0156	0x6A0A      	CLRF        R10, 0
;__Lib_MathDouble.c,2530 :: 		
0x0158	0x5003      	MOVF        R3, 0, 0
;__Lib_MathDouble.c,2531 :: 		
0x015A	0xA4D8      	BTFSS       STATUS, 2, 0
;__Lib_MathDouble.c,2532 :: 		
0x015C	0x800A      	BSF         R10, 0, 0
;__Lib_MathDouble.c,2533 :: 		
0x015E	0x5007      	MOVF        R7, 0, 0
;__Lib_MathDouble.c,2534 :: 		
0x0160	0xA4D8      	BTFSS       STATUS, 2, 0
;__Lib_MathDouble.c,2535 :: 		
0x0162	0x820A      	BSF         R10, 1, 0
;__Lib_MathDouble.c,2537 :: 		
0x0164	0x500A      	MOVF        R10, 0, 0
;__Lib_MathDouble.c,2538 :: 		
0x0166	0xB4D8      	BTFSC       STATUS, 2, 0
;__Lib_MathDouble.c,2539 :: 		
0x0168	0xF001EF0E  	GOTO        COMPARE_EQU
;__Lib_MathDouble.c,2540 :: 		
0x016C	0x0A03      	XORLW       3
;__Lib_MathDouble.c,2541 :: 		
0x016E	0xB4D8      	BTFSC       STATUS, 2, 0
;__Lib_MathDouble.c,2542 :: 		
0x0170	0xF000EFC7  	GOTO        COMPARE_NOTZERO
;__Lib_MathDouble.c,2544 :: 		
0x0174	0xB00A      	BTFSC       R10, 0, 0
;__Lib_MathDouble.c,2545 :: 		
0x0176	0xF000EFC2  	GOTO        COMPARE_XNOTZERO
;__Lib_MathDouble.c,2547 :: 		
0x017A	0xAE06      	BTFSS       R6, 7, 0
;__Lib_MathDouble.c,2548 :: 		
0x017C	0xF001EF0C  	GOTO        COMPARE_LT
;__Lib_MathDouble.c,2549 :: 		
0x0180	0xF001EF0A  	GOTO        COMPARE_GT
;__Lib_MathDouble.c,2550 :: 		
COMPARE_XNOTZERO:
;__Lib_MathDouble.c,2551 :: 		
0x0184	0xAE02      	BTFSS       R2, 7, 0
;__Lib_MathDouble.c,2552 :: 		
0x0186	0xF001EF0A  	GOTO        COMPARE_GT
;__Lib_MathDouble.c,2553 :: 		
0x018A	0xF001EF0C  	GOTO        COMPARE_LT
;__Lib_MathDouble.c,2555 :: 		
COMPARE_NOTZERO:
;__Lib_MathDouble.c,2556 :: 		
0x018E	0x5002      	MOVF        R2, 0, 0
;__Lib_MathDouble.c,2557 :: 		
0x0190	0x0B80      	ANDLW       128
;__Lib_MathDouble.c,2558 :: 		
0x0192	0x6E0A      	MOVWF       R10, 0
;__Lib_MathDouble.c,2559 :: 		
0x0194	0x9E02      	BCF         R2, 7, 0
;__Lib_MathDouble.c,2561 :: 		
0x0196	0x5006      	MOVF        R6, 0, 0
;__Lib_MathDouble.c,2562 :: 		
0x0198	0x0B80      	ANDLW       128
;__Lib_MathDouble.c,2563 :: 		
0x019A	0x9E06      	BCF         R6, 7, 0
;__Lib_MathDouble.c,2565 :: 		
0x019C	0x180A      	XORWF       R10, 0, 0
;__Lib_MathDouble.c,2566 :: 		
0x019E	0xB4D8      	BTFSC       STATUS, 2, 0
;__Lib_MathDouble.c,2567 :: 		
0x01A0	0xF000EFD8  	GOTO        COMPARE_TESTALL
;__Lib_MathDouble.c,2569 :: 		
0x01A4	0x500A      	MOVF        R10, 0, 0
;__Lib_MathDouble.c,2570 :: 		
0x01A6	0xB4D8      	BTFSC       STATUS, 2, 0
;__Lib_MathDouble.c,2571 :: 		
0x01A8	0xF001EF0A  	GOTO        COMPARE_GT
;__Lib_MathDouble.c,2572 :: 		
0x01AC	0xF001EF0C  	GOTO        COMPARE_LT
;__Lib_MathDouble.c,2574 :: 		
COMPARE_TESTALL:
;__Lib_MathDouble.c,2575 :: 		
0x01B0	0x5007      	MOVF        R7, 0, 0
;__Lib_MathDouble.c,2576 :: 		
0x01B2	0x5C03      	SUBWF       R3, 0, 0
;__Lib_MathDouble.c,2577 :: 		
0x01B4	0xB4D8      	BTFSC       STATUS, 2, 0
;__Lib_MathDouble.c,2578 :: 		
0x01B6	0xF000EFE2  	GOTO        COMPARE_C1
;__Lib_MathDouble.c,2579 :: 		
0x01BA	0xA0D8      	BTFSS       STATUS, 0, 0
;__Lib_MathDouble.c,2580 :: 		
0x01BC	0xF000EFFE  	GOTO        GT_FALSE
;__Lib_MathDouble.c,2581 :: 		
0x01C0	0xF001EF04  	GOTO        GT_TRUE
;__Lib_MathDouble.c,2582 :: 		
COMPARE_C1:
;__Lib_MathDouble.c,2583 :: 		
0x01C4	0x5006      	MOVF        R6, 0, 0
;__Lib_MathDouble.c,2584 :: 		
0x01C6	0x5C02      	SUBWF       R2, 0, 0
;__Lib_MathDouble.c,2585 :: 		
0x01C8	0xB4D8      	BTFSC       STATUS, 2, 0
;__Lib_MathDouble.c,2586 :: 		
0x01CA	0xF000EFEC  	GOTO        COMPARE_C2
;__Lib_MathDouble.c,2587 :: 		
0x01CE	0xA0D8      	BTFSS       STATUS, 0, 0
;__Lib_MathDouble.c,2588 :: 		
0x01D0	0xF000EFFE  	GOTO        GT_FALSE
;__Lib_MathDouble.c,2589 :: 		
0x01D4	0xF001EF04  	GOTO        GT_TRUE
;__Lib_MathDouble.c,2590 :: 		
COMPARE_C2:
;__Lib_MathDouble.c,2591 :: 		
0x01D8	0x5005      	MOVF        R5, 0, 0
;__Lib_MathDouble.c,2592 :: 		
0x01DA	0x5C01      	SUBWF       R1, 0, 0
;__Lib_MathDouble.c,2593 :: 		
0x01DC	0xB4D8      	BTFSC       STATUS, 2, 0
;__Lib_MathDouble.c,2594 :: 		
0x01DE	0xF000EFF6  	GOTO        COMPARE_C3
;__Lib_MathDouble.c,2595 :: 		
0x01E2	0xA0D8      	BTFSS       STATUS, 0, 0
;__Lib_MathDouble.c,2596 :: 		
0x01E4	0xF000EFFE  	GOTO        GT_FALSE
;__Lib_MathDouble.c,2597 :: 		
0x01E8	0xF001EF04  	GOTO        GT_TRUE
;__Lib_MathDouble.c,2598 :: 		
COMPARE_C3:
;__Lib_MathDouble.c,2599 :: 		
0x01EC	0x5004      	MOVF        R4, 0, 0
;__Lib_MathDouble.c,2600 :: 		
0x01EE	0x5C00      	SUBWF       R0, 0, 0
;__Lib_MathDouble.c,2601 :: 		
0x01F0	0xB4D8      	BTFSC       STATUS, 2, 0
;__Lib_MathDouble.c,2602 :: 		
0x01F2	0xF001EF0E  	GOTO        COMPARE_EQU
;__Lib_MathDouble.c,2603 :: 		
0x01F6	0xB0D8      	BTFSC       STATUS, 0, 0
;__Lib_MathDouble.c,2604 :: 		
0x01F8	0xF001EF04  	GOTO        GT_TRUE
;__Lib_MathDouble.c,2606 :: 		
GT_FALSE:
;__Lib_MathDouble.c,2607 :: 		
0x01FC	0x520A      	MOVF        R10, 1, 0
;__Lib_MathDouble.c,2608 :: 		
0x01FE	0xB4D8      	BTFSC       STATUS, 2, 0
;__Lib_MathDouble.c,2609 :: 		
0x0200	0xF001EF0C  	GOTO        COMPARE_LT
;__Lib_MathDouble.c,2610 :: 		
0x0204	0xF001EF0A  	GOTO        COMPARE_GT
;__Lib_MathDouble.c,2611 :: 		
GT_TRUE:
;__Lib_MathDouble.c,2612 :: 		
0x0208	0x520A      	MOVF        R10, 1, 0
;__Lib_MathDouble.c,2613 :: 		
0x020A	0xB4D8      	BTFSC       STATUS, 2, 0
;__Lib_MathDouble.c,2614 :: 		
0x020C	0xF001EF0A  	GOTO        COMPARE_GT
;__Lib_MathDouble.c,2615 :: 		
0x0210	0xF001EF0C  	GOTO        COMPARE_LT
;__Lib_MathDouble.c,2617 :: 		
COMPARE_GT:
;__Lib_MathDouble.c,2620 :: 		
0x0214	0x80D8      	BSF         STATUS, 0, 0
;__Lib_MathDouble.c,2621 :: 		
0x0216	0x0012      	RETURN      0
;__Lib_MathDouble.c,2622 :: 		
COMPARE_LT:
;__Lib_MathDouble.c,2625 :: 		
0x0218	0x90D8      	BCF         STATUS, 0, 0
;__Lib_MathDouble.c,2626 :: 		
0x021A	0x0012      	RETURN      0
;__Lib_MathDouble.c,2627 :: 		
COMPARE_EQU:
;__Lib_MathDouble.c,2630 :: 		
0x021C	0x80D8      	BSF         STATUS, 0, 0
;__Lib_MathDouble.c,2631 :: 		
0x021E	0x84D8      	BSF         STATUS, 2, 0
;__Lib_MathDouble.c,2632 :: 		
0x0220	0x0012      	RETURN      0
;__Lib_MathDouble.c,2634 :: 		
L_end_Compare_Double:
0x0222	0x0012      	RETURN      0
; end of _Compare_Double
_Lcd_Chr_CP:
;__Lib_Lcd.c,50 :: 		
;__Lib_Lcd.c,52 :: 		
0x0224	0x904E      	BCF         __Lib_Lcd_cmd_status, BitPos(__Lib_Lcd_cmd_status+0) 
;__Lib_Lcd.c,53 :: 		
0x0226	0xF065C061  	MOVFF       FARG_Lcd_Chr_CP_out_char, FARG_Lcd_Cmd_out_char
0x022A	0xDF22      	RCALL       _Lcd_Cmd
;__Lib_Lcd.c,54 :: 		
0x022C	0x804E      	BSF         __Lib_Lcd_cmd_status, BitPos(__Lib_Lcd_cmd_status+0) 
;__Lib_Lcd.c,55 :: 		
L_end_Lcd_Chr_CP:
0x022E	0x0012      	RETURN      0
; end of _Lcd_Chr_CP
_Div_8X8_S:
;__Lib_Math.c,326 :: 		
;__Lib_Math.c,335 :: 		
0x0230	0x6A0D      	CLRF        R13, 0
;__Lib_Math.c,336 :: 		
0x0232	0x6A08      	CLRF        R8, 0
;__Lib_Math.c,337 :: 		
0x0234	0x5000      	MOVF        R0, 0, 0
;__Lib_Math.c,338 :: 		
0x0236	0xB4D8      	BTFSC       STATUS, 2, 0
;__Lib_Math.c,339 :: 		
0x0238	0x0C00      	RETLW       0
;__Lib_Math.c,340 :: 		
0x023A	0x1804      	XORWF       R4, 0, 0
;__Lib_Math.c,341 :: 		
0x023C	0x6E0A      	MOVWF       R10, 0
;__Lib_Math.c,342 :: 		
0x023E	0xBE0A      	BTFSC       R10, 7, 0
;__Lib_Math.c,343 :: 		
0x0240	0x1E0D      	COMF        R13, 1, 0
;__Lib_Math.c,344 :: 		
0x0242	0x6A0B      	CLRF        R11, 0
;__Lib_Math.c,345 :: 		
0x0244	0xAE04      	BTFSS       R4, 7, 0
;__Lib_Math.c,346 :: 		
0x0246	0xD002      	BRA         $+6
;__Lib_Math.c,347 :: 		
0x0248	0x1E04      	COMF        R4, 1, 0
;__Lib_Math.c,348 :: 		
0x024A	0x2A04      	INCF        R4, 1, 0
;__Lib_Math.c,349 :: 		
0x024C	0xAE00      	BTFSS       R0, 7, 0
;__Lib_Math.c,350 :: 		
0x024E	0xD002      	BRA         $+6
;__Lib_Math.c,351 :: 		
0x0250	0x1E00      	COMF        R0, 1, 0
;__Lib_Math.c,352 :: 		
0x0252	0x2A00      	INCF        R0, 1, 0
;__Lib_Math.c,353 :: 		
0x0254	0x5000      	MOVF        R0, 0, 0
;__Lib_Math.c,354 :: 		
0x0256	0x1004      	IORWF       R4, 0, 0
;__Lib_Math.c,355 :: 		
0x0258	0x6E0A      	MOVWF       R10, 0
;__Lib_Math.c,356 :: 		
0x025A	0xBE0A      	BTFSC       R10, 7, 0
;__Lib_Math.c,357 :: 		
0x025C	0xD01F      	BRA         $+64
;__Lib_Math.c,358 :: 		
0x025E	0x5004      	MOVF        R4, 0, 0
;__Lib_Math.c,359 :: 		
0x0260	0x5E08      	SUBWF       R8, 1, 0
;__Lib_Math.c,360 :: 		
0x0262	0x3600      	RLCF        R0, 1, 0
;__Lib_Math.c,361 :: 		
0x0264	0x3400      	RLCF        R0, 0, 0
;__Lib_Math.c,362 :: 		
0x0266	0x3608      	RLCF        R8, 1, 0
;__Lib_Math.c,363 :: 		
0x0268	0x5004      	MOVF        R4, 0, 0
;__Lib_Math.c,364 :: 		
0x026A	0x2608      	ADDWF       R8, 1, 0
;__Lib_Math.c,365 :: 		
0x026C	0x3600      	RLCF        R0, 1, 0
;__Lib_Math.c,366 :: 		
0x026E	0x0E06      	MOVLW       6
;__Lib_Math.c,367 :: 		
0x0270	0x6E0C      	MOVWF       R12, 0
;__Lib_Math.c,368 :: 		
0x0272	0x3400      	RLCF        R0, 0, 0
;__Lib_Math.c,369 :: 		
0x0274	0x3608      	RLCF        R8, 1, 0
;__Lib_Math.c,370 :: 		
0x0276	0x5004      	MOVF        R4, 0, 0
;__Lib_Math.c,371 :: 		
0x0278	0xB000      	BTFSC       R0, 0, 0
;__Lib_Math.c,372 :: 		
0x027A	0x5E08      	SUBWF       R8, 1, 0
;__Lib_Math.c,373 :: 		
0x027C	0xA000      	BTFSS       R0, 0, 0
;__Lib_Math.c,374 :: 		
0x027E	0x2608      	ADDWF       R8, 1, 0
;__Lib_Math.c,375 :: 		
0x0280	0x3600      	RLCF        R0, 1, 0
;__Lib_Math.c,376 :: 		
0x0282	0x2E0C      	DECFSZ      R12, 1, 0
;__Lib_Math.c,377 :: 		
0x0284	0xD7F6      	BRA         $-18
;__Lib_Math.c,378 :: 		
0x0286	0xA000      	BTFSS       R0, 0, 0
;__Lib_Math.c,379 :: 		
0x0288	0x2608      	ADDWF       R8, 1, 0
;__Lib_Math.c,380 :: 		
0x028A	0xB00B      	BTFSC       R11, 0, 0
;__Lib_Math.c,381 :: 		
0x028C	0xD015      	BRA         $+44
;__Lib_Math.c,382 :: 		
0x028E	0xAE0D      	BTFSS       R13, 7, 0
;__Lib_Math.c,383 :: 		
0x0290	0x0C00      	RETLW       0
;__Lib_Math.c,384 :: 		
0x0292	0x1E00      	COMF        R0, 1, 0
;__Lib_Math.c,385 :: 		
0x0294	0x2A00      	INCF        R0, 1, 0
;__Lib_Math.c,386 :: 		
0x0296	0x1E08      	COMF        R8, 1, 0
;__Lib_Math.c,387 :: 		
0x0298	0x2A08      	INCF        R8, 1, 0
;__Lib_Math.c,388 :: 		
0x029A	0x0C00      	RETLW       0
;__Lib_Math.c,389 :: 		
0x029C	0xAE04      	BTFSS       R4, 7, 0
;__Lib_Math.c,390 :: 		
0x029E	0xD009      	BRA         $+20
;__Lib_Math.c,391 :: 		
0x02A0	0xBE00      	BTFSC       R0, 7, 0
;__Lib_Math.c,392 :: 		
0x02A2	0xD004      	BRA         $+10
;__Lib_Math.c,393 :: 		
0x02A4	0x5000      	MOVF        R0, 0, 0
;__Lib_Math.c,394 :: 		
0x02A6	0x6E08      	MOVWF       R8, 0
;__Lib_Math.c,395 :: 		
0x02A8	0x6A00      	CLRF        R0, 0
;__Lib_Math.c,396 :: 		
0x02AA	0xD7F1      	BRA         $-28
;__Lib_Math.c,397 :: 		
0x02AC	0x6A00      	CLRF        R0, 0
;__Lib_Math.c,398 :: 		
0x02AE	0x2A00      	INCF        R0, 1, 0
;__Lib_Math.c,399 :: 		
0x02B0	0x0C00      	RETLW       0
;__Lib_Math.c,400 :: 		
0x02B2	0x1E00      	COMF        R0, 1, 0
;__Lib_Math.c,401 :: 		
0x02B4	0x2A0B      	INCF        R11, 1, 0
;__Lib_Math.c,402 :: 		
0x02B6	0xD7D3      	BRA         $-88
;__Lib_Math.c,403 :: 		
0x02B8	0x2A08      	INCF        R8, 1, 0
;__Lib_Math.c,404 :: 		
0x02BA	0x5004      	MOVF        R4, 0, 0
;__Lib_Math.c,405 :: 		
0x02BC	0x5C08      	SUBWF       R8, 0, 0
;__Lib_Math.c,406 :: 		
0x02BE	0xA4D8      	BTFSS       STATUS, 2, 0
;__Lib_Math.c,407 :: 		
0x02C0	0xD7E6      	BRA         $-50
;__Lib_Math.c,408 :: 		
0x02C2	0x6A08      	CLRF        R8, 0
;__Lib_Math.c,409 :: 		
0x02C4	0x2A00      	INCF        R0, 1, 0
;__Lib_Math.c,410 :: 		
0x02C6	0xAE00      	BTFSS       R0, 7, 0
;__Lib_Math.c,411 :: 		
0x02C8	0xD7E2      	BRA         $-58
;__Lib_Math.c,412 :: 		
0x02CA	0x0CFF      	RETLW       255
;__Lib_Math.c,414 :: 		
L_end_Div_8X8_S:
0x02CC	0x0012      	RETURN      0
; end of _Div_8X8_S
_Delay_22us:
;__Lib_Delays.c,15 :: 		void Delay_22us() {
;__Lib_Delays.c,16 :: 		Delay_us(22);
0x02CE	0x0E0E      	MOVLW       14
0x02D0	0x6E0D      	MOVWF       R13, 0
L_Delay_22us1:
0x02D2	0x2E0D      	DECFSZ      R13, 1, 0
0x02D4	0xD7FE      	BRA         L_Delay_22us1
0x02D6	0x0000      	NOP
;__Lib_Delays.c,17 :: 		}
L_end_Delay_22us:
0x02D8	0x0012      	RETURN      0
; end of _Delay_22us
_NRM3232:
;__Lib_MathDouble.c,455 :: 		
;__Lib_MathDouble.c,463 :: 		
0x02DA	0x6A0C      	CLRF        R12, 0
;__Lib_MathDouble.c,464 :: 		
0x02DC	0x6A0E      	CLRF        R14, 0
;__Lib_MathDouble.c,465 :: 		
0x02DE	0x5002      	MOVF        R2, 0, 0
;__Lib_MathDouble.c,466 :: 		
0x02E0	0xA4D8      	BTFSS       STATUS, 2, 0
;__Lib_MathDouble.c,467 :: 		
0x02E2	0xF001EF86  	GOTO        NORM3232
;__Lib_MathDouble.c,468 :: 		
0x02E6	0xF002C001  	MOVFF       R1, R2
;__Lib_MathDouble.c,469 :: 		
0x02EA	0xF001C000  	MOVFF       R0, R1
;__Lib_MathDouble.c,470 :: 		
0x02EE	0x6A00      	CLRF        R0, 0
;__Lib_MathDouble.c,471 :: 		
0x02F0	0x860E      	BSF         R14, 3, 0
;__Lib_MathDouble.c,473 :: 		
0x02F2	0x5002      	MOVF        R2, 0, 0
;__Lib_MathDouble.c,474 :: 		
0x02F4	0xA4D8      	BTFSS       STATUS, 2, 0
;__Lib_MathDouble.c,475 :: 		
0x02F6	0xF001EF86  	GOTO        NORM3232
;__Lib_MathDouble.c,476 :: 		
0x02FA	0xF002C001  	MOVFF       R1, R2
;__Lib_MathDouble.c,477 :: 		
0x02FE	0x6A01      	CLRF        R1, 0
;__Lib_MathDouble.c,478 :: 		
0x0300	0x960E      	BCF         R14, 3, 0
;__Lib_MathDouble.c,479 :: 		
0x0302	0x880E      	BSF         R14, 4, 0
;__Lib_MathDouble.c,481 :: 		
0x0304	0x5002      	MOVF        R2, 0, 0
;__Lib_MathDouble.c,482 :: 		
0x0306	0xB4D8      	BTFSC       STATUS, 2, 0
;__Lib_MathDouble.c,483 :: 		
0x0308	0xF001EF98  	GOTO        JPNRES032
;__Lib_MathDouble.c,484 :: 		
NORM3232:
;__Lib_MathDouble.c,485 :: 		
0x030C	0x500E      	MOVF        R14, 0, 0
;__Lib_MathDouble.c,486 :: 		
0x030E	0x5E03      	SUBWF       R3, 1, 0
;__Lib_MathDouble.c,487 :: 		
0x0310	0xA4D8      	BTFSS       STATUS, 2, 0
;__Lib_MathDouble.c,488 :: 		
0x0312	0xA0D8      	BTFSS       STATUS, 0, 0
;__Lib_MathDouble.c,489 :: 		
0x0314	0xF001EF9D  	GOTO        JPNSETFUN32
;__Lib_MathDouble.c,490 :: 		
0x0318	0x90D8      	BCF         STATUS, 0, 0
;__Lib_MathDouble.c,491 :: 		
NORM3232A:
;__Lib_MathDouble.c,492 :: 		
0x031A	0xBE02      	BTFSC       R2, 7, 0
;__Lib_MathDouble.c,493 :: 		
0x031C	0xF001EFA2  	GOTO        JMPNFIXSIGN32
;__Lib_MathDouble.c,494 :: 		
0x0320	0x3600      	RLCF        R0, 1, 0
;__Lib_MathDouble.c,495 :: 		
0x0322	0x3601      	RLCF        R1, 1, 0
;__Lib_MathDouble.c,496 :: 		
0x0324	0x3602      	RLCF        R2, 1, 0
;__Lib_MathDouble.c,497 :: 		
0x0326	0x2E03      	DECFSZ      R3, 1, 0
;__Lib_MathDouble.c,498 :: 		
0x0328	0xF001EF8D  	GOTO        NORM3232A
;__Lib_MathDouble.c,499 :: 		
0x032C	0xF001EF9D  	GOTO        JPNSETFUN32
;__Lib_MathDouble.c,500 :: 		
JPNRES032:
;__Lib_MathDouble.c,501 :: 		
0x0330	0x0E01      	MOVLW       1
;__Lib_MathDouble.c,502 :: 		
0x0332	0x6E0C      	MOVWF       R12, 0
;__Lib_MathDouble.c,504 :: 		
0x0334	0xDE86      	RCALL       _RES032
;__Lib_MathDouble.c,506 :: 		
0x0336	0xF001EFA5  	GOTO        NORM32EEE
;__Lib_MathDouble.c,507 :: 		
JPNSETFUN32:
;__Lib_MathDouble.c,508 :: 		
0x033A	0x0E02      	MOVLW       2
;__Lib_MathDouble.c,509 :: 		
0x033C	0x6E0C      	MOVWF       R12, 0
;__Lib_MathDouble.c,511 :: 		
0x033E	0xDED7      	RCALL       _SETFUN32
;__Lib_MathDouble.c,513 :: 		
0x0340	0xF001EFA5  	GOTO        NORM32EEE
;__Lib_MathDouble.c,514 :: 		
JMPNFIXSIGN32:
;__Lib_MathDouble.c,515 :: 		
0x0344	0x0E04      	MOVLW       4
;__Lib_MathDouble.c,516 :: 		
0x0346	0x6E0C      	MOVWF       R12, 0
;__Lib_MathDouble.c,518 :: 		
0x0348	0xDE8F      	RCALL       _FIXSIGN32
;__Lib_MathDouble.c,520 :: 		
NORM32EEE:
;__Lib_MathDouble.c,527 :: 		
L_end_NRM3232:
0x034A	0x0012      	RETURN      0
; end of _NRM3232
_Mul_32x32_FP:
;__Lib_MathDouble.c,1130 :: 		
;__Lib_MathDouble.c,1148 :: 		
0x034C	0x6A08      	CLRF        R8, 0
;__Lib_MathDouble.c,1149 :: 		
0x034E	0x6A09      	CLRF        R9, 0
;__Lib_MathDouble.c,1151 :: 		
0x0350	0x0E00      	MOVLW       0
;__Lib_MathDouble.c,1152 :: 		
0x0352	0x6207      	CPFSEQ      R7, 0
;__Lib_MathDouble.c,1153 :: 		
0x0354	0x6403      	CPFSGT      R3, 0
;__Lib_MathDouble.c,1154 :: 		
0x0356	0xF002EF2B  	GOTO        MULJPRES032
;__Lib_MathDouble.c,1157 :: 		
0x035A	0x5002      	MOVF        R2, 0, 0
;__Lib_MathDouble.c,1158 :: 		
0x035C	0x1806      	XORWF       R6, 0, 0
;__Lib_MathDouble.c,1159 :: 		
0x035E	0x6E0A      	MOVWF       R10, 0
;__Lib_MathDouble.c,1161 :: 		
0x0360	0x5007      	MOVF        R7, 0, 0
;__Lib_MathDouble.c,1162 :: 		
0x0362	0x2603      	ADDWF       R3, 1, 0
;__Lib_MathDouble.c,1163 :: 		
0x0364	0x0E7E      	MOVLW       126
;__Lib_MathDouble.c,1164 :: 		
0x0366	0xA0D8      	BTFSS       STATUS, 0, 0
;__Lib_MathDouble.c,1165 :: 		
0x0368	0xF001EFBC  	GOTO        MTUN32
;__Lib_MathDouble.c,1167 :: 		
0x036C	0x5E03      	SUBWF       R3, 1, 0
;__Lib_MathDouble.c,1168 :: 		
0x036E	0xB0D8      	BTFSC       STATUS, 0, 0
;__Lib_MathDouble.c,1169 :: 		
0x0370	0xF002EF2F  	GOTO        MULJPSETFOV32
;__Lib_MathDouble.c,1170 :: 		
0x0374	0xF001EFC0  	GOTO        MOK32
;__Lib_MathDouble.c,1172 :: 		
MTUN32:
;__Lib_MathDouble.c,1173 :: 		
0x0378	0x5E03      	SUBWF       R3, 1, 0
;__Lib_MathDouble.c,1174 :: 		
0x037A	0xA0D8      	BTFSS       STATUS, 0, 0
;__Lib_MathDouble.c,1175 :: 		
0x037C	0xF002EF33  	GOTO        MULJPSETFUN32
;__Lib_MathDouble.c,1177 :: 		
MOK32:
;__Lib_MathDouble.c,1178 :: 		
0x0380	0x8E02      	BSF         R2, 7, 0
;__Lib_MathDouble.c,1179 :: 		
0x0382	0x8E06      	BSF         R6, 7, 0
;__Lib_MathDouble.c,1181 :: 		
0x0384	0xF00EC002  	MOVFF       R2, R14
;__Lib_MathDouble.c,1182 :: 		
0x0388	0xF00BC001  	MOVFF       R1, R11
;__Lib_MathDouble.c,1183 :: 		
0x038C	0xF00DC000  	MOVFF       R0, R13
;__Lib_MathDouble.c,1185 :: 		
0x0390	0x5000      	MOVF        R0, 0, 0
;__Lib_MathDouble.c,1186 :: 		
0x0392	0x0204      	MULWF       R4, 0
;__Lib_MathDouble.c,1187 :: 		
0x0394	0xF00CCFF4  	MOVFF       PRODH, R12
;__Lib_MathDouble.c,1189 :: 		
0x0398	0x5001      	MOVF        R1, 0, 0
;__Lib_MathDouble.c,1190 :: 		
0x039A	0x0205      	MULWF       R5, 0
;__Lib_MathDouble.c,1191 :: 		
0x039C	0xF000CFF4  	MOVFF       PRODH, R0
;__Lib_MathDouble.c,1192 :: 		
0x03A0	0xF008CFF3  	MOVFF       PRODL, R8
;__Lib_MathDouble.c,1194 :: 		
0x03A4	0x0204      	MULWF       R4, 0
;__Lib_MathDouble.c,1195 :: 		
0x03A6	0x50F3      	MOVF        PRODL, 0, 0
;__Lib_MathDouble.c,1196 :: 		
0x03A8	0x260C      	ADDWF       R12, 1, 0
;__Lib_MathDouble.c,1197 :: 		
0x03AA	0x50F4      	MOVF        PRODH, 0, 0
;__Lib_MathDouble.c,1198 :: 		
0x03AC	0x2208      	ADDWFC      R8, 1, 0
;__Lib_MathDouble.c,1199 :: 		
0x03AE	0x0E00      	MOVLW       0
;__Lib_MathDouble.c,1200 :: 		
0x03B0	0x2200      	ADDWFC      R0, 1, 0
;__Lib_MathDouble.c,1202 :: 		
0x03B2	0x500D      	MOVF        R13, 0, 0
;__Lib_MathDouble.c,1203 :: 		
0x03B4	0x0205      	MULWF       R5, 0
;__Lib_MathDouble.c,1204 :: 		
0x03B6	0x50F3      	MOVF        PRODL, 0, 0
;__Lib_MathDouble.c,1205 :: 		
0x03B8	0x260C      	ADDWF       R12, 1, 0
;__Lib_MathDouble.c,1206 :: 		
0x03BA	0x50F4      	MOVF        PRODH, 0, 0
;__Lib_MathDouble.c,1207 :: 		
0x03BC	0x2208      	ADDWFC      R8, 1, 0
;__Lib_MathDouble.c,1208 :: 		
0x03BE	0x0E00      	MOVLW       0
;__Lib_MathDouble.c,1209 :: 		
0x03C0	0x2200      	ADDWFC      R0, 1, 0
;__Lib_MathDouble.c,1211 :: 		
0x03C2	0x5002      	MOVF        R2, 0, 0
;__Lib_MathDouble.c,1212 :: 		
0x03C4	0x0204      	MULWF       R4, 0
;__Lib_MathDouble.c,1213 :: 		
0x03C6	0x50F3      	MOVF        PRODL, 0, 0
;__Lib_MathDouble.c,1214 :: 		
0x03C8	0x2608      	ADDWF       R8, 1, 0
;__Lib_MathDouble.c,1215 :: 		
0x03CA	0x50F4      	MOVF        PRODH, 0, 0
;__Lib_MathDouble.c,1216 :: 		
0x03CC	0x2200      	ADDWFC      R0, 1, 0
;__Lib_MathDouble.c,1217 :: 		
0x03CE	0x5002      	MOVF        R2, 0, 0
;__Lib_MathDouble.c,1218 :: 		
0x03D0	0x0205      	MULWF       R5, 0
;__Lib_MathDouble.c,1219 :: 		
0x03D2	0x6A01      	CLRF        R1, 0
;__Lib_MathDouble.c,1220 :: 		
0x03D4	0x0E00      	MOVLW       0
;__Lib_MathDouble.c,1221 :: 		
0x03D6	0x2201      	ADDWFC      R1, 1, 0
;__Lib_MathDouble.c,1222 :: 		
0x03D8	0x50F3      	MOVF        PRODL, 0, 0
;__Lib_MathDouble.c,1223 :: 		
0x03DA	0x2600      	ADDWF       R0, 1, 0
;__Lib_MathDouble.c,1224 :: 		
0x03DC	0x50F4      	MOVF        PRODH, 0, 0
;__Lib_MathDouble.c,1225 :: 		
0x03DE	0x2201      	ADDWFC      R1, 1, 0
;__Lib_MathDouble.c,1227 :: 		
0x03E0	0x500D      	MOVF        R13, 0, 0
;__Lib_MathDouble.c,1228 :: 		
0x03E2	0x0206      	MULWF       R6, 0
;__Lib_MathDouble.c,1229 :: 		
0x03E4	0x50F3      	MOVF        PRODL, 0, 0
;__Lib_MathDouble.c,1230 :: 		
0x03E6	0x2608      	ADDWF       R8, 1, 0
;__Lib_MathDouble.c,1231 :: 		
0x03E8	0x50F4      	MOVF        PRODH, 0, 0
;__Lib_MathDouble.c,1232 :: 		
0x03EA	0x2200      	ADDWFC      R0, 1, 0
;__Lib_MathDouble.c,1233 :: 		
0x03EC	0x6A02      	CLRF        R2, 0
;__Lib_MathDouble.c,1234 :: 		
0x03EE	0x0E00      	MOVLW       0
;__Lib_MathDouble.c,1235 :: 		
0x03F0	0x2201      	ADDWFC      R1, 1, 0
;__Lib_MathDouble.c,1236 :: 		
0x03F2	0x2202      	ADDWFC      R2, 1, 0
;__Lib_MathDouble.c,1238 :: 		
0x03F4	0x500B      	MOVF        R11, 0, 0
;__Lib_MathDouble.c,1239 :: 		
0x03F6	0x0206      	MULWF       R6, 0
;__Lib_MathDouble.c,1240 :: 		
0x03F8	0x50F3      	MOVF        PRODL, 0, 0
;__Lib_MathDouble.c,1241 :: 		
0x03FA	0x2600      	ADDWF       R0, 1, 0
;__Lib_MathDouble.c,1242 :: 		
0x03FC	0x50F4      	MOVF        PRODH, 0, 0
;__Lib_MathDouble.c,1243 :: 		
0x03FE	0x2201      	ADDWFC      R1, 1, 0
;__Lib_MathDouble.c,1244 :: 		
0x0400	0x0E00      	MOVLW       0
;__Lib_MathDouble.c,1245 :: 		
0x0402	0x2202      	ADDWFC      R2, 1, 0
;__Lib_MathDouble.c,1247 :: 		
0x0404	0x500E      	MOVF        R14, 0, 0
;__Lib_MathDouble.c,1248 :: 		
0x0406	0x0206      	MULWF       R6, 0
;__Lib_MathDouble.c,1249 :: 		
0x0408	0x50F3      	MOVF        PRODL, 0, 0
;__Lib_MathDouble.c,1250 :: 		
0x040A	0x2601      	ADDWF       R1, 1, 0
;__Lib_MathDouble.c,1251 :: 		
0x040C	0x50F4      	MOVF        PRODH, 0, 0
;__Lib_MathDouble.c,1252 :: 		
0x040E	0x2202      	ADDWFC      R2, 1, 0
;__Lib_MathDouble.c,1254 :: 		
0x0410	0xBE02      	BTFSC       R2, 7, 0
;__Lib_MathDouble.c,1255 :: 		
0x0412	0xF002EF13  	GOTO        MROUND32
;__Lib_MathDouble.c,1256 :: 		
0x0416	0x3608      	RLCF        R8, 1, 0
;__Lib_MathDouble.c,1257 :: 		
0x0418	0x3600      	RLCF        R0, 1, 0
;__Lib_MathDouble.c,1258 :: 		
0x041A	0x3601      	RLCF        R1, 1, 0
;__Lib_MathDouble.c,1259 :: 		
0x041C	0x3602      	RLCF        R2, 1, 0
;__Lib_MathDouble.c,1260 :: 		
0x041E	0x0603      	DECF        R3, 1, 0
;__Lib_MathDouble.c,1261 :: 		
0x0420	0xB4D8      	BTFSC       STATUS, 2, 0
;__Lib_MathDouble.c,1262 :: 		
0x0422	0xF002EF33  	GOTO        MULJPSETFUN32
;__Lib_MathDouble.c,1264 :: 		
MROUND32:
;__Lib_MathDouble.c,1267 :: 		
0x0426	0xF002EF26  	GOTO        MUL32OK
;__Lib_MathDouble.c,1268 :: 		
0x042A	0x80D8      	BSF         STATUS, 0, 0
;__Lib_MathDouble.c,1269 :: 		
0x042C	0x0E80      	MOVLW       128
;__Lib_MathDouble.c,1270 :: 		
0x042E	0x6408      	CPFSGT      R8, 0
;__Lib_MathDouble.c,1271 :: 		
0x0430	0x3000      	RRCF        R0, 0, 0
;__Lib_MathDouble.c,1272 :: 		
0x0432	0x0E00      	MOVLW       0
;__Lib_MathDouble.c,1273 :: 		
0x0434	0x2200      	ADDWFC      R0, 1, 0
;__Lib_MathDouble.c,1274 :: 		
0x0436	0x2201      	ADDWFC      R1, 1, 0
;__Lib_MathDouble.c,1275 :: 		
0x0438	0x2202      	ADDWFC      R2, 1, 0
;__Lib_MathDouble.c,1277 :: 		
0x043A	0xA0D8      	BTFSS       STATUS, 0, 0
;__Lib_MathDouble.c,1278 :: 		
0x043C	0xF002EF26  	GOTO        MUL32OK
;__Lib_MathDouble.c,1279 :: 		
0x0440	0x3202      	RRCF        R2, 1, 0
;__Lib_MathDouble.c,1280 :: 		
0x0442	0x3201      	RRCF        R1, 1, 0
;__Lib_MathDouble.c,1281 :: 		
0x0444	0x3200      	RRCF        R0, 1, 0
;__Lib_MathDouble.c,1282 :: 		
0x0446	0x4A03      	INFSNZ      R3, 1, 0
;__Lib_MathDouble.c,1283 :: 		
0x0448	0xF002EF2F  	GOTO        MULJPSETFOV32
;__Lib_MathDouble.c,1285 :: 		
MUL32OK:
;__Lib_MathDouble.c,1286 :: 		
0x044C	0xAE0A      	BTFSS       R10, 7, 0
;__Lib_MathDouble.c,1287 :: 		
0x044E	0x9E02      	BCF         R2, 7, 0
;__Lib_MathDouble.c,1289 :: 		
0x0450	0x0E00      	MOVLW       0
;__Lib_MathDouble.c,1290 :: 		
0x0452	0xF002EF35  	GOTO        MULEEE
;__Lib_MathDouble.c,1291 :: 		
MULJPRES032:
;__Lib_MathDouble.c,1292 :: 		
0x0456	0x0E01      	MOVLW       1
;__Lib_MathDouble.c,1295 :: 		
0x0458	0xDDF4      	RCALL       _RES032
;__Lib_MathDouble.c,1297 :: 		
0x045A	0xF002EF35  	GOTO        MULEEE
;__Lib_MathDouble.c,1298 :: 		
MULJPSETFOV32:
;__Lib_MathDouble.c,1299 :: 		
0x045E	0x0E02      	MOVLW       2
;__Lib_MathDouble.c,1302 :: 		
0x0460	0xDDF7      	RCALL       _SETFOV32
;__Lib_MathDouble.c,1304 :: 		
0x0462	0xF002EF35  	GOTO        MULEEE
;__Lib_MathDouble.c,1305 :: 		
MULJPSETFUN32:
;__Lib_MathDouble.c,1306 :: 		
0x0466	0x0E04      	MOVLW       4
;__Lib_MathDouble.c,1309 :: 		
0x0468	0xDE42      	RCALL       _SETFUN32
;__Lib_MathDouble.c,1311 :: 		
MULEEE:
;__Lib_MathDouble.c,1318 :: 		
L_end_Mul_32x32_FP:
0x046A	0x0012      	RETURN      0
; end of _Mul_32x32_FP
_SETFDZ32:
;__Lib_MathDouble.c,106 :: 		
;__Lib_MathDouble.c,110 :: 		
0x046C	0x6A0B      	CLRF        R11, 0
;__Lib_MathDouble.c,111 :: 		
0x046E	0x860B      	BSF         R11, 3, 0
;__Lib_MathDouble.c,112 :: 		
0x0470	0x0EFF      	MOVLW       255
;__Lib_MathDouble.c,114 :: 		
L_end_SETFDZ32:
0x0472	0x0012      	RETURN      0
; end of _SETFDZ32
_ADC_Read:
;__Lib_ADC_A_D.c,51 :: 		
;__Lib_ADC_A_D.c,54 :: 		
0x0474	0x6AC2      	CLRF        ADCON0 
;__Lib_ADC_A_D.c,55 :: 		
0x0476	0x1C29      	COMF        _vref_mask, 0 
0x0478	0x6E00      	MOVWF       R0 
0x047A	0x5000      	MOVF        R0, 0 
0x047C	0x16C1      	ANDWF       ADCON1, 1 
;__Lib_ADC_A_D.c,56 :: 		
0x047E	0x0E07      	MOVLW       7
0x0480	0x12C0      	IORWF       ADCON2, 1 
;__Lib_ADC_A_D.c,57 :: 		
0x0482	0x8EC0      	BSF         ADCON2, 7 
;__Lib_ADC_A_D.c,58 :: 		
0x0484	0xF000C053  	MOVFF       FARG_ADC_Read_channel, R0
0x0488	0x3600      	RLCF        R0, 1 
0x048A	0x9000      	BCF         R0, 0 
0x048C	0x3600      	RLCF        R0, 1 
0x048E	0x9000      	BCF         R0, 0 
0x0490	0x5000      	MOVF        R0, 0 
0x0492	0x12C2      	IORWF       ADCON0, 1 
;__Lib_ADC_A_D.c,59 :: 		
0x0494	0x80C2      	BSF         ADCON0, 0 
;__Lib_ADC_A_D.c,60 :: 		
0x0496	0xDF1B      	RCALL       _Delay_22us
;__Lib_ADC_A_D.c,61 :: 		
0x0498	0x82C2      	BSF         ADCON0, 1 
;__Lib_ADC_A_D.c,62 :: 		
L_ADC_Read2:
0x049A	0xA2C2      	BTFSS       ADCON0, 1 
0x049C	0xD001      	BRA         L_ADC_Read3
;__Lib_ADC_A_D.c,63 :: 		
0x049E	0xD7FD      	BRA         L_ADC_Read2
L_ADC_Read3:
;__Lib_ADC_A_D.c,64 :: 		
0x04A0	0xF001CFC4  	MOVFF       ADRESH, R1
0x04A4	0x6A00      	CLRF        R0 
;__Lib_ADC_A_D.c,65 :: 		
0x04A6	0x50C3      	MOVF        ADRESL, 0 
0x04A8	0x1200      	IORWF       R0, 1 
0x04AA	0x0E00      	MOVLW       0
0x04AC	0x1201      	IORWF       R1, 1 
;__Lib_ADC_A_D.c,66 :: 		
0x04AE	0x90C2      	BCF         ADCON0, 0 
;__Lib_ADC_A_D.c,68 :: 		
;__Lib_ADC_A_D.c,69 :: 		
L_end_ADC_Read:
0x04B0	0x0012      	RETURN      0
; end of _ADC_Read
___CC2DW:
;__Lib_System.c,21 :: 		
;__Lib_System.c,23 :: 		
_CC2DL_Loop1:
;__Lib_System.c,24 :: 		
0x04B2	0x0009      	TBLRD*+
;__Lib_System.c,25 :: 		
0x04B4	0xFFE6CFF5  	MOVFF       TABLAT, POSTINC1
;__Lib_System.c,26 :: 		
0x04B8	0x0600      	DECF        R0, 1, 0
;__Lib_System.c,27 :: 		
0x04BA	0xE1FB      	BNZ         _CC2DL_Loop1
;__Lib_System.c,28 :: 		
0x04BC	0x0601      	DECF        R1, 1, 0
;__Lib_System.c,29 :: 		
0x04BE	0xE1F9      	BNZ         _CC2DL_Loop1
;__Lib_System.c,31 :: 		
L_end___CC2DW:
0x04C0	0x0012      	RETURN      0
; end of ___CC2DW
_ADC_Init:
;__Lib_ADC_A_D.c,13 :: 		
;__Lib_ADC_A_D.c,14 :: 		
0x04C2	0x0EFF      	MOVLW       _ADC_Get_Sample
0x04C4	0x6E4F      	MOVWF       _ADC_Get_Sample_Ptr 
0x04C6	0x0EFF      	MOVLW       hi_addr(_ADC_Get_Sample)
0x04C8	0x6E50      	MOVWF       _ADC_Get_Sample_Ptr+1 
0x04CA	0x0EFF      	MOVLW       FARG_ADC_Get_Sample_channel
0x04CC	0x6E51      	MOVWF       _ADC_Get_Sample_Ptr+2 
0x04CE	0x0EFF      	MOVLW       hi_addr(FARG_ADC_Get_Sample_channel)
0x04D0	0x6E52      	MOVWF       _ADC_Get_Sample_Ptr+3 
;__Lib_ADC_A_D.c,16 :: 		
0x04D2	0x6AC2      	CLRF        ADCON0 
;__Lib_ADC_A_D.c,17 :: 		
0x04D4	0x1C29      	COMF        _vref_mask, 0 
0x04D6	0x6E00      	MOVWF       R0 
0x04D8	0x5000      	MOVF        R0, 0 
0x04DA	0x16C1      	ANDWF       ADCON1, 1 
;__Lib_ADC_A_D.c,18 :: 		
0x04DC	0x0E07      	MOVLW       7
0x04DE	0x12C0      	IORWF       ADCON2, 1 
;__Lib_ADC_A_D.c,19 :: 		
0x04E0	0x8EC0      	BSF         ADCON2, 7 
;__Lib_ADC_A_D.c,20 :: 		
0x04E2	0x80C2      	BSF         ADCON0, 0 
;__Lib_ADC_A_D.c,21 :: 		
L_end_ADC_Init:
0x04E4	0x0012      	RETURN      0
; end of _ADC_Init
_Lcd_Init:
;__Lib_Lcd.c,84 :: 		
;__Lib_Lcd.c,86 :: 		
0x04E6	0x9693      	BCF         LCD_EN_Direction, BitPos(LCD_EN_Direction+0) 
;__Lib_Lcd.c,87 :: 		
0x04E8	0x9493      	BCF         LCD_RS_Direction, BitPos(LCD_RS_Direction+0) 
;__Lib_Lcd.c,88 :: 		
0x04EA	0x9893      	BCF         LCD_D4_Direction, BitPos(LCD_D4_Direction+0) 
;__Lib_Lcd.c,89 :: 		
0x04EC	0x9A93      	BCF         LCD_D5_Direction, BitPos(LCD_D5_Direction+0) 
;__Lib_Lcd.c,90 :: 		
0x04EE	0x9C93      	BCF         LCD_D6_Direction, BitPos(LCD_D6_Direction+0) 
;__Lib_Lcd.c,91 :: 		
0x04F0	0x9E93      	BCF         LCD_D7_Direction, BitPos(LCD_D7_Direction+0) 
;__Lib_Lcd.c,93 :: 		
0x04F2	0x9681      	BCF         LCD_EN, BitPos(LCD_EN+0) 
;__Lib_Lcd.c,94 :: 		
0x04F4	0x9481      	BCF         LCD_RS, BitPos(LCD_RS+0) 
;__Lib_Lcd.c,95 :: 		
0x04F6	0x9E81      	BCF         LCD_D7, BitPos(LCD_D7+0) 
;__Lib_Lcd.c,96 :: 		
0x04F8	0x9C81      	BCF         LCD_D6, BitPos(LCD_D6+0) 
;__Lib_Lcd.c,97 :: 		
0x04FA	0x9A81      	BCF         LCD_D5, BitPos(LCD_D5+0) 
;__Lib_Lcd.c,98 :: 		
0x04FC	0x9881      	BCF         LCD_D4, BitPos(LCD_D4+0) 
;__Lib_Lcd.c,100 :: 		
0x04FE	0xDD91      	RCALL       _Delay_5500us
;__Lib_Lcd.c,101 :: 		
0x0500	0xDD90      	RCALL       _Delay_5500us
;__Lib_Lcd.c,102 :: 		
0x0502	0xDD8F      	RCALL       _Delay_5500us
;__Lib_Lcd.c,105 :: 		
0x0504	0x8A81      	BSF         LCD_D5, BitPos(LCD_D5+0) 
;__Lib_Lcd.c,106 :: 		
0x0506	0x8881      	BSF         LCD_D4, BitPos(LCD_D4+0) 
;__Lib_Lcd.c,107 :: 		
0x0508	0x8681      	BSF         LCD_EN, BitPos(LCD_EN+0) 
;__Lib_Lcd.c,108 :: 		
0x050A	0xDD88      	RCALL       _Delay_1us
;__Lib_Lcd.c,109 :: 		
0x050C	0x9681      	BCF         LCD_EN, BitPos(LCD_EN+0) 
;__Lib_Lcd.c,110 :: 		
0x050E	0xDD89      	RCALL       _Delay_5500us
;__Lib_Lcd.c,112 :: 		
0x0510	0x8681      	BSF         LCD_EN, BitPos(LCD_EN+0) 
;__Lib_Lcd.c,113 :: 		
0x0512	0xDD84      	RCALL       _Delay_1us
;__Lib_Lcd.c,114 :: 		
0x0514	0x9681      	BCF         LCD_EN, BitPos(LCD_EN+0) 
;__Lib_Lcd.c,115 :: 		
0x0516	0xDD85      	RCALL       _Delay_5500us
;__Lib_Lcd.c,117 :: 		
0x0518	0x8681      	BSF         LCD_EN, BitPos(LCD_EN+0) 
;__Lib_Lcd.c,118 :: 		
0x051A	0xDD80      	RCALL       _Delay_1us
;__Lib_Lcd.c,119 :: 		
0x051C	0x9681      	BCF         LCD_EN, BitPos(LCD_EN+0) 
;__Lib_Lcd.c,120 :: 		
0x051E	0xDD81      	RCALL       _Delay_5500us
;__Lib_Lcd.c,123 :: 		
0x0520	0x9881      	BCF         LCD_D4, BitPos(LCD_D4+0) 
;__Lib_Lcd.c,124 :: 		
0x0522	0x8681      	BSF         LCD_EN, BitPos(LCD_EN+0) 
;__Lib_Lcd.c,125 :: 		
0x0524	0xDD7B      	RCALL       _Delay_1us
;__Lib_Lcd.c,126 :: 		
0x0526	0x9681      	BCF         LCD_EN, BitPos(LCD_EN+0) 
;__Lib_Lcd.c,127 :: 		
0x0528	0xDD7C      	RCALL       _Delay_5500us
;__Lib_Lcd.c,130 :: 		
0x052A	0x8681      	BSF         LCD_EN, BitPos(LCD_EN+0) 
;__Lib_Lcd.c,131 :: 		
0x052C	0xDD77      	RCALL       _Delay_1us
;__Lib_Lcd.c,132 :: 		
0x052E	0x9681      	BCF         LCD_EN, BitPos(LCD_EN+0) 
;__Lib_Lcd.c,134 :: 		
0x0530	0x9A81      	BCF         LCD_D5, BitPos(LCD_D5+0) 
;__Lib_Lcd.c,135 :: 		
0x0532	0x8E81      	BSF         LCD_D7, BitPos(LCD_D7+0) 
;__Lib_Lcd.c,136 :: 		
0x0534	0x8681      	BSF         LCD_EN, BitPos(LCD_EN+0) 
;__Lib_Lcd.c,137 :: 		
0x0536	0xDD72      	RCALL       _Delay_1us
;__Lib_Lcd.c,138 :: 		
0x0538	0x9681      	BCF         LCD_EN, BitPos(LCD_EN+0) 
;__Lib_Lcd.c,139 :: 		
0x053A	0xDD73      	RCALL       _Delay_5500us
;__Lib_Lcd.c,142 :: 		
0x053C	0x9E81      	BCF         LCD_D7, BitPos(LCD_D7+0) 
;__Lib_Lcd.c,143 :: 		
0x053E	0x8881      	BSF         LCD_D4, BitPos(LCD_D4+0) 
;__Lib_Lcd.c,144 :: 		
0x0540	0x8681      	BSF         LCD_EN, BitPos(LCD_EN+0) 
;__Lib_Lcd.c,145 :: 		
0x0542	0xDD6C      	RCALL       _Delay_1us
;__Lib_Lcd.c,146 :: 		
0x0544	0x9681      	BCF         LCD_EN, BitPos(LCD_EN+0) 
;__Lib_Lcd.c,148 :: 		
0x0546	0x9881      	BCF         LCD_D4, BitPos(LCD_D4+0) 
;__Lib_Lcd.c,149 :: 		
0x0548	0x8681      	BSF         LCD_EN, BitPos(LCD_EN+0) 
;__Lib_Lcd.c,150 :: 		
0x054A	0xDD68      	RCALL       _Delay_1us
;__Lib_Lcd.c,151 :: 		
0x054C	0x9681      	BCF         LCD_EN, BitPos(LCD_EN+0) 
;__Lib_Lcd.c,152 :: 		
0x054E	0xDD69      	RCALL       _Delay_5500us
;__Lib_Lcd.c,155 :: 		
0x0550	0x8681      	BSF         LCD_EN, BitPos(LCD_EN+0) 
;__Lib_Lcd.c,156 :: 		
0x0552	0xDD64      	RCALL       _Delay_1us
;__Lib_Lcd.c,157 :: 		
0x0554	0x9681      	BCF         LCD_EN, BitPos(LCD_EN+0) 
;__Lib_Lcd.c,159 :: 		
0x0556	0x8881      	BSF         LCD_D4, BitPos(LCD_D4+0) 
;__Lib_Lcd.c,160 :: 		
0x0558	0x8681      	BSF         LCD_EN, BitPos(LCD_EN+0) 
;__Lib_Lcd.c,161 :: 		
0x055A	0xDD60      	RCALL       _Delay_1us
;__Lib_Lcd.c,162 :: 		
0x055C	0x9681      	BCF         LCD_EN, BitPos(LCD_EN+0) 
;__Lib_Lcd.c,163 :: 		
0x055E	0xDD61      	RCALL       _Delay_5500us
;__Lib_Lcd.c,166 :: 		
0x0560	0x9881      	BCF         LCD_D4, BitPos(LCD_D4+0) 
;__Lib_Lcd.c,167 :: 		
0x0562	0x8681      	BSF         LCD_EN, BitPos(LCD_EN+0) 
;__Lib_Lcd.c,168 :: 		
0x0564	0xDD5B      	RCALL       _Delay_1us
;__Lib_Lcd.c,169 :: 		
0x0566	0x9681      	BCF         LCD_EN, BitPos(LCD_EN+0) 
;__Lib_Lcd.c,171 :: 		
0x0568	0x8E81      	BSF         LCD_D7, BitPos(LCD_D7+0) 
;__Lib_Lcd.c,172 :: 		
0x056A	0x8C81      	BSF         LCD_D6, BitPos(LCD_D6+0) 
;__Lib_Lcd.c,173 :: 		
0x056C	0x8A81      	BSF         LCD_D5, BitPos(LCD_D5+0) 
;__Lib_Lcd.c,174 :: 		
0x056E	0x8881      	BSF         LCD_D4, BitPos(LCD_D4+0) 
;__Lib_Lcd.c,175 :: 		
0x0570	0x8681      	BSF         LCD_EN, BitPos(LCD_EN+0) 
;__Lib_Lcd.c,176 :: 		
0x0572	0xDD54      	RCALL       _Delay_1us
;__Lib_Lcd.c,177 :: 		
0x0574	0x9681      	BCF         LCD_EN, BitPos(LCD_EN+0) 
;__Lib_Lcd.c,179 :: 		
0x0576	0xDD55      	RCALL       _Delay_5500us
;__Lib_Lcd.c,181 :: 		
0x0578	0x804E      	BSF         __Lib_Lcd_cmd_status, BitPos(__Lib_Lcd_cmd_status+0) 
;__Lib_Lcd.c,182 :: 		
L_end_Lcd_Init:
0x057A	0x0012      	RETURN      0
; end of _Lcd_Init
_Div_32x32_FP:
;__Lib_MathDouble.c,1325 :: 		
;__Lib_MathDouble.c,1339 :: 		
0x057C	0x5004      	MOVF        R4, 0 
0x057E	0x0A00      	XORLW       0
0x0580	0xE112      	BNZ         L_Div_32x32_FP11
;__Lib_MathDouble.c,1340 :: 		
0x0582	0x5005      	MOVF        R5, 0 
0x0584	0x0A00      	XORLW       0
0x0586	0xE10F      	BNZ         L_Div_32x32_FP12
;__Lib_MathDouble.c,1341 :: 		
0x0588	0x5006      	MOVF        R6, 0 
0x058A	0x0A00      	XORLW       0
0x058C	0xE10C      	BNZ         L_Div_32x32_FP13
;__Lib_MathDouble.c,1342 :: 		
0x058E	0x5007      	MOVF        R7, 0 
0x0590	0x0A00      	XORLW       0
0x0592	0xE109      	BNZ         L_Div_32x32_FP14
;__Lib_MathDouble.c,1343 :: 		
0x0594	0x0EFF      	MOVLW       255
0x0596	0x6E00      	MOVWF       R0 
;__Lib_MathDouble.c,1344 :: 		
0x0598	0x0EFF      	MOVLW       255
0x059A	0x6E01      	MOVWF       R1 
;__Lib_MathDouble.c,1345 :: 		
0x059C	0x0E7F      	MOVLW       127
0x059E	0x6E02      	MOVWF       R2 
;__Lib_MathDouble.c,1346 :: 		
0x05A0	0x0EFF      	MOVLW       255
0x05A2	0x6E03      	MOVWF       R3 
;__Lib_MathDouble.c,1347 :: 		
0x05A4	0xD0A4      	BRA         L_end_Div_32x32_FP
;__Lib_MathDouble.c,1348 :: 		
L_Div_32x32_FP14:
L_Div_32x32_FP13:
L_Div_32x32_FP12:
L_Div_32x32_FP11:
;__Lib_MathDouble.c,1353 :: 		
0x05A6	0x6A08      	CLRF        R8, 0
;__Lib_MathDouble.c,1354 :: 		
0x05A8	0x6A09      	CLRF        R9, 0
;__Lib_MathDouble.c,1356 :: 		
0x05AA	0x5007      	MOVF        R7, 0, 0
;__Lib_MathDouble.c,1357 :: 		
0x05AC	0xB4D8      	BTFSC       STATUS, 2, 0
;__Lib_MathDouble.c,1358 :: 		
0x05AE	0xF003EF69  	GOTO        JPDSETFDZ32
;__Lib_MathDouble.c,1360 :: 		
0x05B2	0x5003      	MOVF        R3, 0, 0
;__Lib_MathDouble.c,1361 :: 		
0x05B4	0xB4D8      	BTFSC       STATUS, 2, 0
;__Lib_MathDouble.c,1362 :: 		
0x05B6	0xF003EF6D  	GOTO        JPDRES032
;__Lib_MathDouble.c,1364 :: 		
0x05BA	0x5002      	MOVF        R2, 0, 0
;__Lib_MathDouble.c,1365 :: 		
0x05BC	0x1806      	XORWF       R6, 0, 0
;__Lib_MathDouble.c,1366 :: 		
0x05BE	0x6E0A      	MOVWF       R10, 0
;__Lib_MathDouble.c,1367 :: 		
0x05C0	0x8E02      	BSF         R2, 7, 0
;__Lib_MathDouble.c,1368 :: 		
0x05C2	0x8E06      	BSF         R6, 7, 0
;__Lib_MathDouble.c,1370 :: 		
0x05C4	0x6A0E      	CLRF        R14, 0
;__Lib_MathDouble.c,1371 :: 		
0x05C6	0xF008C002  	MOVFF       R2, R8
;__Lib_MathDouble.c,1372 :: 		
0x05CA	0xF00CC001  	MOVFF       R1, R12
;__Lib_MathDouble.c,1373 :: 		
0x05CE	0xF00DC000  	MOVFF       R0, R13
;__Lib_MathDouble.c,1375 :: 		
0x05D2	0x5004      	MOVF        R4, 0, 0
;__Lib_MathDouble.c,1376 :: 		
0x05D4	0x5E0D      	SUBWF       R13, 1, 0
;__Lib_MathDouble.c,1377 :: 		
0x05D6	0x5005      	MOVF        R5, 0, 0
;__Lib_MathDouble.c,1378 :: 		
0x05D8	0xA0D8      	BTFSS       STATUS, 0, 0
;__Lib_MathDouble.c,1379 :: 		
0x05DA	0x3C05      	INCFSZ      R5, 0, 0
;__Lib_MathDouble.c,1381 :: 		
0x05DC	0x5E0C      	SUBWF       R12, 1, 0
;__Lib_MathDouble.c,1382 :: 		
0x05DE	0x5006      	MOVF        R6, 0, 0
;__Lib_MathDouble.c,1383 :: 		
0x05E0	0xA0D8      	BTFSS       STATUS, 0, 0
;__Lib_MathDouble.c,1384 :: 		
0x05E2	0x3C06      	INCFSZ      R6, 0, 0
;__Lib_MathDouble.c,1386 :: 		
0x05E4	0x5E08      	SUBWF       R8, 1, 0
;__Lib_MathDouble.c,1387 :: 		
0x05E6	0x6A08      	CLRF        R8, 0
;__Lib_MathDouble.c,1388 :: 		
0x05E8	0x6A0C      	CLRF        R12, 0
;__Lib_MathDouble.c,1389 :: 		
0x05EA	0x6A0D      	CLRF        R13, 0
;__Lib_MathDouble.c,1390 :: 		
0x05EC	0xA0D8      	BTFSS       STATUS, 0, 0
;__Lib_MathDouble.c,1391 :: 		
0x05EE	0xF003EF00  	GOTO        DALIGN32OK
;__Lib_MathDouble.c,1393 :: 		
0x05F2	0x90D8      	BCF         STATUS, 0, 0
;__Lib_MathDouble.c,1394 :: 		
0x05F4	0x3202      	RRCF        R2, 1, 0
;__Lib_MathDouble.c,1395 :: 		
0x05F6	0x3201      	RRCF        R1, 1, 0
;__Lib_MathDouble.c,1396 :: 		
0x05F8	0x3200      	RRCF        R0, 1, 0
;__Lib_MathDouble.c,1397 :: 		
0x05FA	0x3208      	RRCF        R8, 1, 0
;__Lib_MathDouble.c,1398 :: 		
0x05FC	0x0E01      	MOVLW       1
;__Lib_MathDouble.c,1399 :: 		
0x05FE	0x6E0E      	MOVWF       R14, 0
;__Lib_MathDouble.c,1400 :: 		
DALIGN32OK:
;__Lib_MathDouble.c,1401 :: 		
0x0600	0x5007      	MOVF        R7, 0, 0
;__Lib_MathDouble.c,1402 :: 		
0x0602	0x5E03      	SUBWF       R3, 1, 0
;__Lib_MathDouble.c,1403 :: 		
0x0604	0xA0D8      	BTFSS       STATUS, 0, 0
;__Lib_MathDouble.c,1404 :: 		
0x0606	0xF003EF0D  	GOTO        ALTB32
;__Lib_MathDouble.c,1406 :: 		
0x060A	0x0E7E      	MOVLW       126
;__Lib_MathDouble.c,1407 :: 		
0x060C	0x240E      	ADDWF       R14, 0, 0
;__Lib_MathDouble.c,1408 :: 		
0x060E	0x2603      	ADDWF       R3, 1, 0
;__Lib_MathDouble.c,1409 :: 		
0x0610	0xB0D8      	BTFSC       STATUS, 0, 0
;__Lib_MathDouble.c,1410 :: 		
0x0612	0xF003EF71  	GOTO        JPDSETFOV32
;__Lib_MathDouble.c,1411 :: 		
0x0616	0xF003EF13  	GOTO        DARGOK32
;__Lib_MathDouble.c,1412 :: 		
ALTB32:
;__Lib_MathDouble.c,1413 :: 		
0x061A	0x0E7E      	MOVLW       126
;__Lib_MathDouble.c,1414 :: 		
0x061C	0x240E      	ADDWF       R14, 0, 0
;__Lib_MathDouble.c,1415 :: 		
0x061E	0x2603      	ADDWF       R3, 1, 0
;__Lib_MathDouble.c,1416 :: 		
0x0620	0xA0D8      	BTFSS       STATUS, 0, 0
;__Lib_MathDouble.c,1417 :: 		
0x0622	0xF003EF75  	GOTO        JPDSETFUN32
;__Lib_MathDouble.c,1418 :: 		
DARGOK32:
;__Lib_MathDouble.c,1419 :: 		
0x0626	0x0E18      	MOVLW       24
;__Lib_MathDouble.c,1420 :: 		
0x0628	0x6E0B      	MOVWF       R11, 0
;__Lib_MathDouble.c,1421 :: 		
DLOOP32:
;__Lib_MathDouble.c,1422 :: 		
0x062A	0x360D      	RLCF        R13, 1, 0
;__Lib_MathDouble.c,1423 :: 		
0x062C	0x360C      	RLCF        R12, 1, 0
;__Lib_MathDouble.c,1424 :: 		
0x062E	0x3608      	RLCF        R8, 1, 0
;__Lib_MathDouble.c,1425 :: 		
0x0630	0x3600      	RLCF        R0, 1, 0
;__Lib_MathDouble.c,1426 :: 		
0x0632	0x3601      	RLCF        R1, 1, 0
;__Lib_MathDouble.c,1427 :: 		
0x0634	0x3602      	RLCF        R2, 1, 0
;__Lib_MathDouble.c,1428 :: 		
0x0636	0x360E      	RLCF        R14, 1, 0
;__Lib_MathDouble.c,1430 :: 		
0x0638	0x5004      	MOVF        R4, 0, 0
;__Lib_MathDouble.c,1431 :: 		
0x063A	0x5E00      	SUBWF       R0, 1, 0
;__Lib_MathDouble.c,1432 :: 		
0x063C	0x5005      	MOVF        R5, 0, 0
;__Lib_MathDouble.c,1433 :: 		
0x063E	0xA0D8      	BTFSS       STATUS, 0, 0
;__Lib_MathDouble.c,1434 :: 		
0x0640	0x3C05      	INCFSZ      R5, 0, 0
;__Lib_MathDouble.c,1436 :: 		
0x0642	0x5E01      	SUBWF       R1, 1, 0
;__Lib_MathDouble.c,1437 :: 		
0x0644	0x5006      	MOVF        R6, 0, 0
;__Lib_MathDouble.c,1438 :: 		
0x0646	0xA0D8      	BTFSS       STATUS, 0, 0
;__Lib_MathDouble.c,1439 :: 		
0x0648	0x3C06      	INCFSZ      R6, 0, 0
;__Lib_MathDouble.c,1441 :: 		
0x064A	0x5E02      	SUBWF       R2, 1, 0
;__Lib_MathDouble.c,1442 :: 		
0x064C	0x3406      	RLCF        R6, 0, 0
;__Lib_MathDouble.c,1443 :: 		
0x064E	0x120E      	IORWF       R14, 1, 0
;__Lib_MathDouble.c,1444 :: 		
0x0650	0xA00E      	BTFSS       R14, 0, 0
;__Lib_MathDouble.c,1445 :: 		
0x0652	0xF003EF2E  	GOTO        DREST32
;__Lib_MathDouble.c,1446 :: 		
0x0656	0x800D      	BSF         R13, 0, 0
;__Lib_MathDouble.c,1447 :: 		
0x0658	0xF003EF39  	GOTO        DOK32
;__Lib_MathDouble.c,1448 :: 		
DREST32:
;__Lib_MathDouble.c,1449 :: 		
0x065C	0x5004      	MOVF        R4, 0, 0
;__Lib_MathDouble.c,1450 :: 		
0x065E	0x2600      	ADDWF       R0, 1, 0
;__Lib_MathDouble.c,1451 :: 		
0x0660	0x5005      	MOVF        R5, 0, 0
;__Lib_MathDouble.c,1452 :: 		
0x0662	0xB0D8      	BTFSC       STATUS, 0, 0
;__Lib_MathDouble.c,1453 :: 		
0x0664	0x3C05      	INCFSZ      R5, 0, 0
;__Lib_MathDouble.c,1455 :: 		
0x0666	0x2601      	ADDWF       R1, 1, 0
;__Lib_MathDouble.c,1456 :: 		
0x0668	0x5006      	MOVF        R6, 0, 0
;__Lib_MathDouble.c,1457 :: 		
0x066A	0xB0D8      	BTFSC       STATUS, 0, 0
;__Lib_MathDouble.c,1458 :: 		
0x066C	0x2806      	INCF        R6, 0, 0
;__Lib_MathDouble.c,1459 :: 		
0x066E	0x2602      	ADDWF       R2, 1, 0
;__Lib_MathDouble.c,1460 :: 		
0x0670	0x900D      	BCF         R13, 0, 0
;__Lib_MathDouble.c,1461 :: 		
DOK32:
;__Lib_MathDouble.c,1462 :: 		
0x0672	0x2E0B      	DECFSZ      R11, 1, 0
;__Lib_MathDouble.c,1463 :: 		
0x0674	0xF003EF15  	GOTO        DLOOP32
;__Lib_MathDouble.c,1467 :: 		
0x0678	0xF003EF5F  	GOTO        DIV32OK
;__Lib_MathDouble.c,1468 :: 		
0x067C	0x90D8      	BCF         STATUS, 0, 0
;__Lib_MathDouble.c,1469 :: 		
0x067E	0x3600      	RLCF        R0, 1, 0
;__Lib_MathDouble.c,1470 :: 		
0x0680	0x3601      	RLCF        R1, 1, 0
;__Lib_MathDouble.c,1471 :: 		
0x0682	0x3602      	RLCF        R2, 1, 0
;__Lib_MathDouble.c,1472 :: 		
0x0684	0x360E      	RLCF        R14, 1, 0
;__Lib_MathDouble.c,1474 :: 		
0x0686	0x5004      	MOVF        R4, 0, 0
;__Lib_MathDouble.c,1475 :: 		
0x0688	0x5E00      	SUBWF       R0, 1, 0
;__Lib_MathDouble.c,1476 :: 		
0x068A	0x5005      	MOVF        R5, 0, 0
;__Lib_MathDouble.c,1477 :: 		
0x068C	0xA0D8      	BTFSS       STATUS, 0, 0
;__Lib_MathDouble.c,1478 :: 		
0x068E	0x3C05      	INCFSZ      R5, 0, 0
;__Lib_MathDouble.c,1479 :: 		
0x0690	0x5E01      	SUBWF       R1, 1, 0
;__Lib_MathDouble.c,1480 :: 		
0x0692	0x5006      	MOVF        R6, 0, 0
;__Lib_MathDouble.c,1481 :: 		
0x0694	0xA0D8      	BTFSS       STATUS, 0, 0
;__Lib_MathDouble.c,1482 :: 		
0x0696	0x3C06      	INCFSZ      R6, 0, 0
;__Lib_MathDouble.c,1483 :: 		
0x0698	0x5E02      	SUBWF       R2, 1, 0
;__Lib_MathDouble.c,1484 :: 		
0x069A	0x3406      	RLCF        R6, 0, 0
;__Lib_MathDouble.c,1485 :: 		
0x069C	0x100E      	IORWF       R14, 0, 0
;__Lib_MathDouble.c,1486 :: 		
0x069E	0x0B01      	ANDLW       1
;__Lib_MathDouble.c,1487 :: 		
0x06A0	0x260D      	ADDWF       R13, 1, 0
;__Lib_MathDouble.c,1488 :: 		
0x06A2	0xB0D8      	BTFSC       STATUS, 0, 0
;__Lib_MathDouble.c,1489 :: 		
0x06A4	0x2A0C      	INCF        R12, 1, 0
;__Lib_MathDouble.c,1490 :: 		
0x06A6	0xB4D8      	BTFSC       STATUS, 2, 0
;__Lib_MathDouble.c,1491 :: 		
0x06A8	0x2A08      	INCF        R8, 1, 0
;__Lib_MathDouble.c,1492 :: 		
0x06AA	0xA4D8      	BTFSS       STATUS, 2, 0
;__Lib_MathDouble.c,1493 :: 		
0x06AC	0xF003EF5F  	GOTO        DIV32OK
;__Lib_MathDouble.c,1494 :: 		
0x06B0	0x3208      	RRCF        R8, 1, 0
;__Lib_MathDouble.c,1495 :: 		
0x06B2	0x320C      	RRCF        R12, 1, 0
;__Lib_MathDouble.c,1496 :: 		
0x06B4	0x320D      	RRCF        R13, 1, 0
;__Lib_MathDouble.c,1497 :: 		
0x06B6	0x2A03      	INCF        R3, 1, 0
;__Lib_MathDouble.c,1498 :: 		
0x06B8	0xB4D8      	BTFSC       STATUS, 2, 0
;__Lib_MathDouble.c,1499 :: 		
0x06BA	0xF003EF71  	GOTO        JPDSETFOV32
;__Lib_MathDouble.c,1500 :: 		
DIV32OK:
;__Lib_MathDouble.c,1501 :: 		
0x06BE	0xAE0A      	BTFSS       R10, 7, 0
;__Lib_MathDouble.c,1502 :: 		
0x06C0	0x9E08      	BCF         R8, 7, 0
;__Lib_MathDouble.c,1503 :: 		
0x06C2	0x5008      	MOVF        R8, 0, 0
;__Lib_MathDouble.c,1504 :: 		
0x06C4	0x6E02      	MOVWF       R2, 0
;__Lib_MathDouble.c,1505 :: 		
0x06C6	0x500C      	MOVF        R12, 0, 0
;__Lib_MathDouble.c,1506 :: 		
0x06C8	0x6E01      	MOVWF       R1, 0
;__Lib_MathDouble.c,1507 :: 		
0x06CA	0x500D      	MOVF        R13, 0, 0
;__Lib_MathDouble.c,1508 :: 		
0x06CC	0x6E00      	MOVWF       R0, 0
;__Lib_MathDouble.c,1511 :: 		
0x06CE	0xF003EF77  	GOTO        DIV32EEE
;__Lib_MathDouble.c,1512 :: 		
JPDSETFDZ32:
;__Lib_MathDouble.c,1513 :: 		
0x06D2	0x0E01      	MOVLW       1
;__Lib_MathDouble.c,1516 :: 		
0x06D4	0xDECB      	RCALL       _SETFDZ32
;__Lib_MathDouble.c,1518 :: 		
0x06D6	0xF003EF77  	GOTO        DIV32EEE
;__Lib_MathDouble.c,1519 :: 		
JPDRES032:
;__Lib_MathDouble.c,1520 :: 		
0x06DA	0x0E02      	MOVLW       2
;__Lib_MathDouble.c,1523 :: 		
0x06DC	0xDCB2      	RCALL       _RES032
;__Lib_MathDouble.c,1525 :: 		
0x06DE	0xF003EF77  	GOTO        DIV32EEE
;__Lib_MathDouble.c,1526 :: 		
JPDSETFOV32:
;__Lib_MathDouble.c,1527 :: 		
0x06E2	0x0E04      	MOVLW       4
;__Lib_MathDouble.c,1530 :: 		
0x06E4	0xDCB5      	RCALL       _SETFOV32
;__Lib_MathDouble.c,1532 :: 		
0x06E6	0xF003EF77  	GOTO        DIV32EEE
;__Lib_MathDouble.c,1533 :: 		
JPDSETFUN32:
;__Lib_MathDouble.c,1534 :: 		
0x06EA	0x0E08      	MOVLW       8
;__Lib_MathDouble.c,1537 :: 		
0x06EC	0xDD00      	RCALL       _SETFUN32
;__Lib_MathDouble.c,1539 :: 		
DIV32EEE:
;__Lib_MathDouble.c,1547 :: 		
L_end_Div_32x32_FP:
0x06EE	0x0012      	RETURN      0
; end of _Div_32x32_FP
_FloatToStr:
;__Lib_Conversions.c,521 :: 		
;__Lib_Conversions.c,523 :: 		
0x06F0	0x6A5F      	CLRF        FloatToStr_bpoint_L0 
0x06F2	0x0100      	MOVLB       0
0x06F4	0x6B60      	CLRF        FloatToStr_dexpon_L0, 1
;__Lib_Conversions.c,528 :: 		
0x06F6	0xF05BC053  	MOVFF       FARG_FloatToStr_fnum, FloatToStr_un_L0
0x06FA	0xF05CC054  	MOVFF       FARG_FloatToStr_fnum+1, FloatToStr_un_L0+1
0x06FE	0xF05DC055  	MOVFF       FARG_FloatToStr_fnum+2, FloatToStr_un_L0+2
0x0702	0xF05EC056  	MOVFF       FARG_FloatToStr_fnum+3, FloatToStr_un_L0+3
;__Lib_Conversions.c,529 :: 		
0x0706	0x505E      	MOVF        FloatToStr_un_L0+3, 0 
0x0708	0x0AFF      	XORLW       255
0x070A	0xE108      	BNZ         L__FloatToStr197
0x070C	0x505D      	MOVF        FloatToStr_un_L0+2, 0 
0x070E	0x0AFF      	XORLW       255
0x0710	0xE105      	BNZ         L__FloatToStr197
0x0712	0x505C      	MOVF        FloatToStr_un_L0+1, 0 
0x0714	0x0AFF      	XORLW       255
0x0716	0xE102      	BNZ         L__FloatToStr197
0x0718	0x505B      	MOVF        FloatToStr_un_L0, 0 
0x071A	0x0AFF      	XORLW       255
L__FloatToStr197:
0x071C	0xE10C      	BNZ         L_FloatToStr90
;__Lib_Conversions.c,530 :: 		
0x071E	0xF061C057  	MOVFF       FARG_FloatToStr_str, FARG_strcpy_to
0x0722	0xF062C058  	MOVFF       FARG_FloatToStr_str+1, FARG_strcpy_to+1
0x0726	0x0E2C      	MOVLW       ?lstr1___Lib_Conversions
0x0728	0x6F63      	MOVWF       FARG_strcpy_from, 1
0x072A	0x0E00      	MOVLW       hi_addr(?lstr1___Lib_Conversions)
0x072C	0x6F64      	MOVWF       FARG_strcpy_from+1, 1
0x072E	0xDCEC      	RCALL       _strcpy
;__Lib_Conversions.c,531 :: 		
0x0730	0x0E03      	MOVLW       3
0x0732	0x6E00      	MOVWF       R0 
0x0734	0xD1EB      	BRA         L_end_FloatToStr
;__Lib_Conversions.c,532 :: 		
L_FloatToStr90:
;__Lib_Conversions.c,533 :: 		
0x0736	0x0E01      	MOVLW       1
0x0738	0x6E59      	MOVWF       FloatToStr_i_L0 
;__Lib_Conversions.c,534 :: 		
0x073A	0xAE5D      	BTFSS       FloatToStr_un_L0+2, 7 
0x073C	0xD00E      	BRA         L_FloatToStr91
;__Lib_Conversions.c,535 :: 		
0x073E	0x0E80      	MOVLW       128
0x0740	0x185D      	XORWF       FloatToStr_un_L0+2, 0 
0x0742	0x6E00      	MOVWF       R0 
0x0744	0xF05DC000  	MOVFF       R0, FloatToStr_un_L0+2
;__Lib_Conversions.c,536 :: 		
0x0748	0x2A59      	INCF        FloatToStr_i_L0, 1 
;__Lib_Conversions.c,537 :: 		
0x074A	0xFFE1C057  	MOVFF       FARG_FloatToStr_str, FSR1L
0x074E	0xFFE2C058  	MOVFF       FARG_FloatToStr_str+1, FSR1H
0x0752	0x0E2D      	MOVLW       45
0x0754	0x6EE6      	MOVWF       POSTINC1 
0x0756	0x4A57      	INFSNZ      FARG_FloatToStr_str, 1 
0x0758	0x2A58      	INCF        FARG_FloatToStr_str+1, 1 
;__Lib_Conversions.c,538 :: 		
L_FloatToStr91:
;__Lib_Conversions.c,539 :: 		
0x075A	0x0E00      	MOVLW       0
0x075C	0x6E00      	MOVWF       R0 
0x075E	0x185E      	XORWF       FloatToStr_un_L0+3, 0 
0x0760	0xE108      	BNZ         L__FloatToStr198
0x0762	0x5000      	MOVF        R0, 0 
0x0764	0x185D      	XORWF       FloatToStr_un_L0+2, 0 
0x0766	0xE105      	BNZ         L__FloatToStr198
0x0768	0x5000      	MOVF        R0, 0 
0x076A	0x185C      	XORWF       FloatToStr_un_L0+1, 0 
0x076C	0xE102      	BNZ         L__FloatToStr198
0x076E	0x505B      	MOVF        FloatToStr_un_L0, 0 
0x0770	0x0A00      	XORLW       0
L__FloatToStr198:
0x0772	0xE10B      	BNZ         L_FloatToStr92
;__Lib_Conversions.c,540 :: 		
0x0774	0xF061C057  	MOVFF       FARG_FloatToStr_str, FARG_strcpy_to
0x0778	0xF062C058  	MOVFF       FARG_FloatToStr_str+1, FARG_strcpy_to+1
0x077C	0x0E2A      	MOVLW       ?lstr2___Lib_Conversions
0x077E	0x6F63      	MOVWF       FARG_strcpy_from, 1
0x0780	0x0E00      	MOVLW       hi_addr(?lstr2___Lib_Conversions)
0x0782	0x6F64      	MOVWF       FARG_strcpy_from+1, 1
0x0784	0xDCC1      	RCALL       _strcpy
;__Lib_Conversions.c,541 :: 		
0x0786	0x6A00      	CLRF        R0 
0x0788	0xD1C1      	BRA         L_end_FloatToStr
;__Lib_Conversions.c,542 :: 		
L_FloatToStr92:
;__Lib_Conversions.c,543 :: 		
0x078A	0x505E      	MOVF        FloatToStr_un_L0+3, 0 
0x078C	0x0AFF      	XORLW       255
0x078E	0xE108      	BNZ         L__FloatToStr199
0x0790	0x505D      	MOVF        FloatToStr_un_L0+2, 0 
0x0792	0x0A00      	XORLW       0
0x0794	0xE105      	BNZ         L__FloatToStr199
0x0796	0x505C      	MOVF        FloatToStr_un_L0+1, 0 
0x0798	0x0A00      	XORLW       0
0x079A	0xE102      	BNZ         L__FloatToStr199
0x079C	0x505B      	MOVF        FloatToStr_un_L0, 0 
0x079E	0x0A00      	XORLW       0
L__FloatToStr199:
0x07A0	0xE10C      	BNZ         L_FloatToStr93
;__Lib_Conversions.c,544 :: 		
0x07A2	0xF061C057  	MOVFF       FARG_FloatToStr_str, FARG_strcpy_to
0x07A6	0xF062C058  	MOVFF       FARG_FloatToStr_str+1, FARG_strcpy_to+1
0x07AA	0x0E25      	MOVLW       ?lstr3___Lib_Conversions
0x07AC	0x6F63      	MOVWF       FARG_strcpy_from, 1
0x07AE	0x0E00      	MOVLW       hi_addr(?lstr3___Lib_Conversions)
0x07B0	0x6F64      	MOVWF       FARG_strcpy_from+1, 1
0x07B2	0xDCAA      	RCALL       _strcpy
;__Lib_Conversions.c,545 :: 		
0x07B4	0xF000C059  	MOVFF       FloatToStr_i_L0, R0
0x07B8	0xD1A9      	BRA         L_end_FloatToStr
;__Lib_Conversions.c,546 :: 		
L_FloatToStr93:
;__Lib_Conversions.c,554 :: 		
L_FloatToStr94:
0x07BA	0x0E00      	MOVLW       0
0x07BC	0x6E04      	MOVWF       R4 
0x07BE	0x0E00      	MOVLW       0
0x07C0	0x6E05      	MOVWF       R5 
0x07C2	0x0E00      	MOVLW       0
0x07C4	0x6E06      	MOVWF       R6 
0x07C6	0x0E7F      	MOVLW       127
0x07C8	0x6E07      	MOVWF       R7 
0x07CA	0xF000C05B  	MOVFF       FloatToStr_un_L0, R0
0x07CE	0xF001C05C  	MOVFF       FloatToStr_un_L0+1, R1
0x07D2	0xF002C05D  	MOVFF       FloatToStr_un_L0+2, R2
0x07D6	0xF003C05E  	MOVFF       FloatToStr_un_L0+3, R3
0x07DA	0xDCBD      	RCALL       _Compare_Double
0x07DC	0x0E01      	MOVLW       1
0x07DE	0xB0D8      	BTFSC       STATUS, 0 
0x07E0	0x0E00      	MOVLW       0
0x07E2	0x6E00      	MOVWF       R0 
0x07E4	0x5200      	MOVF        R0, 1 
0x07E6	0xE01B      	BZ          L_FloatToStr95
;__Lib_Conversions.c,555 :: 		
0x07E8	0xF000C05B  	MOVFF       FloatToStr_un_L0, R0
0x07EC	0xF001C05C  	MOVFF       FloatToStr_un_L0+1, R1
0x07F0	0xF002C05D  	MOVFF       FloatToStr_un_L0+2, R2
0x07F4	0xF003C05E  	MOVFF       FloatToStr_un_L0+3, R3
0x07F8	0x0E00      	MOVLW       0
0x07FA	0x6E04      	MOVWF       R4 
0x07FC	0x0E00      	MOVLW       0
0x07FE	0x6E05      	MOVWF       R5 
0x0800	0x0E20      	MOVLW       32
0x0802	0x6E06      	MOVWF       R6 
0x0804	0x0E82      	MOVLW       130
0x0806	0x6E07      	MOVWF       R7 
0x0808	0xDDA1      	RCALL       _Mul_32x32_FP
0x080A	0xF05BC000  	MOVFF       R0, FloatToStr_un_L0
0x080E	0xF05CC001  	MOVFF       R1, FloatToStr_un_L0+1
0x0812	0xF05DC002  	MOVFF       R2, FloatToStr_un_L0+2
0x0816	0xF05EC003  	MOVFF       R3, FloatToStr_un_L0+3
;__Lib_Conversions.c,556 :: 		
0x081A	0x0760      	DECF        FloatToStr_dexpon_L0, 1, 1
;__Lib_Conversions.c,557 :: 		
0x081C	0xD7CE      	BRA         L_FloatToStr94
L_FloatToStr95:
;__Lib_Conversions.c,562 :: 		
L_FloatToStr96:
0x081E	0x0E00      	MOVLW       0
0x0820	0x6E04      	MOVWF       R4 
0x0822	0x0E00      	MOVLW       0
0x0824	0x6E05      	MOVWF       R5 
0x0826	0x0E20      	MOVLW       32
0x0828	0x6E06      	MOVWF       R6 
0x082A	0x0E82      	MOVLW       130
0x082C	0x6E07      	MOVWF       R7 
0x082E	0xF000C05B  	MOVFF       FloatToStr_un_L0, R0
0x0832	0xF001C05C  	MOVFF       FloatToStr_un_L0+1, R1
0x0836	0xF002C05D  	MOVFF       FloatToStr_un_L0+2, R2
0x083A	0xF003C05E  	MOVFF       FloatToStr_un_L0+3, R3
0x083E	0xDC8B      	RCALL       _Compare_Double
0x0840	0x0E00      	MOVLW       0
0x0842	0xB0D8      	BTFSC       STATUS, 0 
0x0844	0x0E01      	MOVLW       1
0x0846	0x6E00      	MOVWF       R0 
0x0848	0x5200      	MOVF        R0, 1 
0x084A	0xE01B      	BZ          L_FloatToStr97
;__Lib_Conversions.c,563 :: 		
0x084C	0xF000C05B  	MOVFF       FloatToStr_un_L0, R0
0x0850	0xF001C05C  	MOVFF       FloatToStr_un_L0+1, R1
0x0854	0xF002C05D  	MOVFF       FloatToStr_un_L0+2, R2
0x0858	0xF003C05E  	MOVFF       FloatToStr_un_L0+3, R3
0x085C	0x0ECD      	MOVLW       205
0x085E	0x6E04      	MOVWF       R4 
0x0860	0x0ECC      	MOVLW       204
0x0862	0x6E05      	MOVWF       R5 
0x0864	0x0E4C      	MOVLW       76
0x0866	0x6E06      	MOVWF       R6 
0x0868	0x0E7B      	MOVLW       123
0x086A	0x6E07      	MOVWF       R7 
0x086C	0xDD6F      	RCALL       _Mul_32x32_FP
0x086E	0xF05BC000  	MOVFF       R0, FloatToStr_un_L0
0x0872	0xF05CC001  	MOVFF       R1, FloatToStr_un_L0+1
0x0876	0xF05DC002  	MOVFF       R2, FloatToStr_un_L0+2
0x087A	0xF05EC003  	MOVFF       R3, FloatToStr_un_L0+3
;__Lib_Conversions.c,564 :: 		
0x087E	0x2B60      	INCF        FloatToStr_dexpon_L0, 1, 1
;__Lib_Conversions.c,565 :: 		
0x0880	0xD7CE      	BRA         L_FloatToStr96
L_FloatToStr97:
;__Lib_Conversions.c,574 :: 		
0x0882	0x0EFF      	MOVLW       255
0x0884	0x145B      	ANDWF       FloatToStr_un_L0, 0 
0x0886	0x6E08      	MOVWF       R8 
0x0888	0x0EFF      	MOVLW       255
0x088A	0x145C      	ANDWF       FloatToStr_un_L0+1, 0 
0x088C	0x6E09      	MOVWF       R9 
0x088E	0x0E7F      	MOVLW       127
0x0890	0x145D      	ANDWF       FloatToStr_un_L0+2, 0 
0x0892	0x6E0A      	MOVWF       R10 
0x0894	0x0E00      	MOVLW       0
0x0896	0x145E      	ANDWF       FloatToStr_un_L0+3, 0 
0x0898	0x6E0B      	MOVWF       R11 
;__Lib_Conversions.c,575 :: 		
0x089A	0xF004C008  	MOVFF       R8, R4
0x089E	0xF005C009  	MOVFF       R9, R5
0x08A2	0xF006C00A  	MOVFF       R10, R6
0x08A6	0xF007C00B  	MOVFF       R11, R7
0x08AA	0x3604      	RLCF        R4, 1 
0x08AC	0x9004      	BCF         R4, 0 
0x08AE	0x3605      	RLCF        R5, 1 
0x08B0	0x3606      	RLCF        R6, 1 
0x08B2	0x3607      	RLCF        R7, 1 
;__Lib_Conversions.c,576 :: 		
0x08B4	0x0E00      	MOVLW       0
0x08B6	0x145B      	ANDWF       FloatToStr_un_L0, 0 
0x08B8	0x6E00      	MOVWF       R0 
0x08BA	0x0E00      	MOVLW       0
0x08BC	0x145C      	ANDWF       FloatToStr_un_L0+1, 0 
0x08BE	0x6E01      	MOVWF       R1 
0x08C0	0x0E00      	MOVLW       0
0x08C2	0x145D      	ANDWF       FloatToStr_un_L0+2, 0 
0x08C4	0x6E02      	MOVWF       R2 
0x08C6	0x0EFF      	MOVLW       255
0x08C8	0x145E      	ANDWF       FloatToStr_un_L0+3, 0 
0x08CA	0x6E03      	MOVWF       R3 
0x08CC	0xF05BC000  	MOVFF       R0, FloatToStr_un_L0
0x08D0	0xF05CC001  	MOVFF       R1, FloatToStr_un_L0+1
0x08D4	0xF05DC002  	MOVFF       R2, FloatToStr_un_L0+2
0x08D8	0xF05EC003  	MOVFF       R3, FloatToStr_un_L0+3
;__Lib_Conversions.c,577 :: 		
0x08DC	0x5004      	MOVF        R4, 0 
0x08DE	0x105B      	IORWF       FloatToStr_un_L0, 0 
0x08E0	0x6E00      	MOVWF       R0 
0x08E2	0x5005      	MOVF        R5, 0 
0x08E4	0x105C      	IORWF       FloatToStr_un_L0+1, 0 
0x08E6	0x6E01      	MOVWF       R1 
0x08E8	0x5006      	MOVF        R6, 0 
0x08EA	0x105D      	IORWF       FloatToStr_un_L0+2, 0 
0x08EC	0x6E02      	MOVWF       R2 
0x08EE	0x5007      	MOVF        R7, 0 
0x08F0	0x105E      	IORWF       FloatToStr_un_L0+3, 0 
0x08F2	0x6E03      	MOVWF       R3 
0x08F4	0xF05BC000  	MOVFF       R0, FloatToStr_un_L0
0x08F8	0xF05CC001  	MOVFF       R1, FloatToStr_un_L0+1
0x08FC	0xF05DC002  	MOVFF       R2, FloatToStr_un_L0+2
0x0900	0xF05EC003  	MOVFF       R3, FloatToStr_un_L0+3
;__Lib_Conversions.c,579 :: 		
0x0904	0x0E7F      	MOVLW       127
0x0906	0x5C5E      	SUBWF       FloatToStr_un_L0+3, 0 
0x0908	0x6E00      	MOVWF       R0 
0x090A	0xF05AC000  	MOVFF       R0, FloatToStr_d_L0
;__Lib_Conversions.c,582 :: 		
0x090E	0x0E01      	MOVLW       1
0x0910	0x6E5E      	MOVWF       FloatToStr_un_L0+3 
;__Lib_Conversions.c,583 :: 		
0x0912	0xF004C000  	MOVFF       R0, R4
0x0916	0xF000C05B  	MOVFF       FloatToStr_un_L0, R0
0x091A	0xF001C05C  	MOVFF       FloatToStr_un_L0+1, R1
0x091E	0xF002C05D  	MOVFF       FloatToStr_un_L0+2, R2
0x0922	0xF003C05E  	MOVFF       FloatToStr_un_L0+3, R3
0x0926	0x5004      	MOVF        R4, 0 
L__FloatToStr200:
0x0928	0xE007      	BZ          L__FloatToStr201
0x092A	0x3600      	RLCF        R0, 1 
0x092C	0x9000      	BCF         R0, 0 
0x092E	0x3601      	RLCF        R1, 1 
0x0930	0x3602      	RLCF        R2, 1 
0x0932	0x3603      	RLCF        R3, 1 
0x0934	0x0FFF      	ADDLW       255
0x0936	0xD7F8      	BRA         L__FloatToStr200
L__FloatToStr201:
0x0938	0xF05BC000  	MOVFF       R0, FloatToStr_un_L0
0x093C	0xF05CC001  	MOVFF       R1, FloatToStr_un_L0+1
0x0940	0xF05DC002  	MOVFF       R2, FloatToStr_un_L0+2
0x0944	0xF05EC003  	MOVFF       R3, FloatToStr_un_L0+3
;__Lib_Conversions.c,584 :: 		
0x0948	0xFFE1C057  	MOVFF       FARG_FloatToStr_str, FSR1L
0x094C	0xFFE2C058  	MOVFF       FARG_FloatToStr_str+1, FSR1H
0x0950	0x505E      	MOVF        FloatToStr_un_L0+3, 0 
0x0952	0x0F30      	ADDLW       48
0x0954	0x6EE6      	MOVWF       POSTINC1 
0x0956	0x4A57      	INFSNZ      FARG_FloatToStr_str, 1 
0x0958	0x2A58      	INCF        FARG_FloatToStr_str+1, 1 
;__Lib_Conversions.c,585 :: 		
0x095A	0x0E80      	MOVLW       128
0x095C	0x1960      	XORWF       FloatToStr_dexpon_L0, 0, 1
0x095E	0x6E00      	MOVWF       R0 
0x0960	0x0E80      	MOVLW       128
0x0962	0x0A01      	XORLW       1
0x0964	0x5C00      	SUBWF       R0, 0 
0x0966	0xE308      	BNC         L__FloatToStr148
0x0968	0x0E80      	MOVLW       128
0x096A	0x0A06      	XORLW       6
0x096C	0x6E00      	MOVWF       R0 
0x096E	0x0E80      	MOVLW       128
0x0970	0x1960      	XORWF       FloatToStr_dexpon_L0, 0, 1
0x0972	0x5C00      	SUBWF       R0, 0 
0x0974	0xE301      	BNC         L__FloatToStr148
0x0976	0xD00A      	BRA         L_FloatToStr100
L__FloatToStr148:
;__Lib_Conversions.c,586 :: 		
0x0978	0xFFE1C057  	MOVFF       FARG_FloatToStr_str, FSR1L
0x097C	0xFFE2C058  	MOVFF       FARG_FloatToStr_str+1, FSR1H
0x0980	0x0E2E      	MOVLW       46
0x0982	0x6EE6      	MOVWF       POSTINC1 
0x0984	0x4A57      	INFSNZ      FARG_FloatToStr_str, 1 
0x0986	0x2A58      	INCF        FARG_FloatToStr_str+1, 1 
;__Lib_Conversions.c,587 :: 		
0x0988	0x0E01      	MOVLW       1
0x098A	0x6E5F      	MOVWF       FloatToStr_bpoint_L0 
;__Lib_Conversions.c,588 :: 		
L_FloatToStr100:
;__Lib_Conversions.c,589 :: 		
0x098C	0x0E06      	MOVLW       6
0x098E	0x6E5A      	MOVWF       FloatToStr_d_L0 
L_FloatToStr101:
0x0990	0x505A      	MOVF        FloatToStr_d_L0, 0 
0x0992	0x0A00      	XORLW       0
0x0994	0xE054      	BZ          L_FloatToStr102
;__Lib_Conversions.c,590 :: 		
0x0996	0x6A5E      	CLRF        FloatToStr_un_L0+3 
;__Lib_Conversions.c,591 :: 		
0x0998	0xF000C05B  	MOVFF       FloatToStr_un_L0, R0
0x099C	0xF001C05C  	MOVFF       FloatToStr_un_L0+1, R1
0x09A0	0xF002C05D  	MOVFF       FloatToStr_un_L0+2, R2
0x09A4	0xF003C05E  	MOVFF       FloatToStr_un_L0+3, R3
0x09A8	0x3600      	RLCF        R0, 1 
0x09AA	0x9000      	BCF         R0, 0 
0x09AC	0x3601      	RLCF        R1, 1 
0x09AE	0x3602      	RLCF        R2, 1 
0x09B0	0x3603      	RLCF        R3, 1 
0x09B2	0x3600      	RLCF        R0, 1 
0x09B4	0x9000      	BCF         R0, 0 
0x09B6	0x3601      	RLCF        R1, 1 
0x09B8	0x3602      	RLCF        R2, 1 
0x09BA	0x3603      	RLCF        R3, 1 
0x09BC	0x505B      	MOVF        FloatToStr_un_L0, 0 
0x09BE	0x2600      	ADDWF       R0, 1 
0x09C0	0x505C      	MOVF        FloatToStr_un_L0+1, 0 
0x09C2	0x2201      	ADDWFC      R1, 1 
0x09C4	0x505D      	MOVF        FloatToStr_un_L0+2, 0 
0x09C6	0x2202      	ADDWFC      R2, 1 
0x09C8	0x505E      	MOVF        FloatToStr_un_L0+3, 0 
0x09CA	0x2203      	ADDWFC      R3, 1 
0x09CC	0xF05BC000  	MOVFF       R0, FloatToStr_un_L0
0x09D0	0xF05CC001  	MOVFF       R1, FloatToStr_un_L0+1
0x09D4	0xF05DC002  	MOVFF       R2, FloatToStr_un_L0+2
0x09D8	0xF05EC003  	MOVFF       R3, FloatToStr_un_L0+3
;__Lib_Conversions.c,592 :: 		
0x09DC	0xF000C05B  	MOVFF       FloatToStr_un_L0, R0
0x09E0	0xF001C05C  	MOVFF       FloatToStr_un_L0+1, R1
0x09E4	0xF002C05D  	MOVFF       FloatToStr_un_L0+2, R2
0x09E8	0xF003C05E  	MOVFF       FloatToStr_un_L0+3, R3
0x09EC	0x3600      	RLCF        R0, 1 
0x09EE	0x9000      	BCF         R0, 0 
0x09F0	0x3601      	RLCF        R1, 1 
0x09F2	0x3602      	RLCF        R2, 1 
0x09F4	0x3603      	RLCF        R3, 1 
0x09F6	0xF05BC000  	MOVFF       R0, FloatToStr_un_L0
0x09FA	0xF05CC001  	MOVFF       R1, FloatToStr_un_L0+1
0x09FE	0xF05DC002  	MOVFF       R2, FloatToStr_un_L0+2
0x0A02	0xF05EC003  	MOVFF       R3, FloatToStr_un_L0+3
;__Lib_Conversions.c,593 :: 		
0x0A06	0xFFE1C057  	MOVFF       FARG_FloatToStr_str, FSR1L
0x0A0A	0xFFE2C058  	MOVFF       FARG_FloatToStr_str+1, FSR1H
0x0A0E	0x505E      	MOVF        FloatToStr_un_L0+3, 0 
0x0A10	0x0F30      	ADDLW       48
0x0A12	0x6EE6      	MOVWF       POSTINC1 
0x0A14	0x4A57      	INFSNZ      FARG_FloatToStr_str, 1 
0x0A16	0x2A58      	INCF        FARG_FloatToStr_str+1, 1 
;__Lib_Conversions.c,594 :: 		
0x0A18	0x505F      	MOVF        FloatToStr_bpoint_L0, 0 
0x0A1A	0x0A00      	XORLW       0
0x0A1C	0xE10E      	BNZ         L_FloatToStr104
;__Lib_Conversions.c,595 :: 		
0x0A1E	0x0760      	DECF        FloatToStr_dexpon_L0, 1, 1
0x0A20	0x5160      	MOVF        FloatToStr_dexpon_L0, 0, 1
0x0A22	0x0A00      	XORLW       0
0x0A24	0xE10A      	BNZ         L_FloatToStr105
;__Lib_Conversions.c,596 :: 		
0x0A26	0xFFE1C057  	MOVFF       FARG_FloatToStr_str, FSR1L
0x0A2A	0xFFE2C058  	MOVFF       FARG_FloatToStr_str+1, FSR1H
0x0A2E	0x0E2E      	MOVLW       46
0x0A30	0x6EE6      	MOVWF       POSTINC1 
0x0A32	0x4A57      	INFSNZ      FARG_FloatToStr_str, 1 
0x0A34	0x2A58      	INCF        FARG_FloatToStr_str+1, 1 
;__Lib_Conversions.c,597 :: 		
0x0A36	0x0E01      	MOVLW       1
0x0A38	0x6E5F      	MOVWF       FloatToStr_bpoint_L0 
;__Lib_Conversions.c,598 :: 		
L_FloatToStr105:
L_FloatToStr104:
;__Lib_Conversions.c,589 :: 		
0x0A3A	0x065A      	DECF        FloatToStr_d_L0, 1 
;__Lib_Conversions.c,599 :: 		
0x0A3C	0xD7A9      	BRA         L_FloatToStr101
L_FloatToStr102:
;__Lib_Conversions.c,600 :: 		
L_FloatToStr106:
0x0A3E	0x0EFF      	MOVLW       255
0x0A40	0x2457      	ADDWF       FARG_FloatToStr_str, 0 
0x0A42	0x6EE9      	MOVWF       FSR0L 
0x0A44	0x0EFF      	MOVLW       255
0x0A46	0x2058      	ADDWFC      FARG_FloatToStr_str+1, 0 
0x0A48	0x6EEA      	MOVWF       FSR0H 
0x0A4A	0x50EE      	MOVF        POSTINC0, 0 
0x0A4C	0x0A30      	XORLW       48
0x0A4E	0xE105      	BNZ         L_FloatToStr107
;__Lib_Conversions.c,601 :: 		
0x0A50	0x0E01      	MOVLW       1
0x0A52	0x5E57      	SUBWF       FARG_FloatToStr_str, 1 
0x0A54	0x0E00      	MOVLW       0
0x0A56	0x5A58      	SUBWFB      FARG_FloatToStr_str+1, 1 
0x0A58	0xD7F2      	BRA         L_FloatToStr106
L_FloatToStr107:
;__Lib_Conversions.c,602 :: 		
0x0A5A	0x0EFF      	MOVLW       255
0x0A5C	0x2457      	ADDWF       FARG_FloatToStr_str, 0 
0x0A5E	0x6EE9      	MOVWF       FSR0L 
0x0A60	0x0EFF      	MOVLW       255
0x0A62	0x2058      	ADDWFC      FARG_FloatToStr_str+1, 0 
0x0A64	0x6EEA      	MOVWF       FSR0H 
0x0A66	0x50EE      	MOVF        POSTINC0, 0 
0x0A68	0x0A2E      	XORLW       46
0x0A6A	0xE104      	BNZ         L_FloatToStr108
;__Lib_Conversions.c,603 :: 		
0x0A6C	0x0E01      	MOVLW       1
0x0A6E	0x5E57      	SUBWF       FARG_FloatToStr_str, 1 
0x0A70	0x0E00      	MOVLW       0
0x0A72	0x5A58      	SUBWFB      FARG_FloatToStr_str+1, 1 
L_FloatToStr108:
;__Lib_Conversions.c,604 :: 		
0x0A74	0x5160      	MOVF        FloatToStr_dexpon_L0, 0, 1
0x0A76	0x0A00      	XORLW       0
0x0A78	0xE043      	BZ          L_FloatToStr109
;__Lib_Conversions.c,605 :: 		
0x0A7A	0xFFE1C057  	MOVFF       FARG_FloatToStr_str, FSR1L
0x0A7E	0xFFE2C058  	MOVFF       FARG_FloatToStr_str+1, FSR1H
0x0A82	0x0E65      	MOVLW       101
0x0A84	0x6EE6      	MOVWF       POSTINC1 
0x0A86	0x4A57      	INFSNZ      FARG_FloatToStr_str, 1 
0x0A88	0x2A58      	INCF        FARG_FloatToStr_str+1, 1 
;__Lib_Conversions.c,606 :: 		
0x0A8A	0x0E80      	MOVLW       128
0x0A8C	0x1960      	XORWF       FloatToStr_dexpon_L0, 0, 1
0x0A8E	0x6E00      	MOVWF       R0 
0x0A90	0x0E80      	MOVLW       128
0x0A92	0x0A00      	XORLW       0
0x0A94	0x5C00      	SUBWF       R0, 0 
0x0A96	0xE20B      	BC          L_FloatToStr110
;__Lib_Conversions.c,607 :: 		
0x0A98	0xFFE1C057  	MOVFF       FARG_FloatToStr_str, FSR1L
0x0A9C	0xFFE2C058  	MOVFF       FARG_FloatToStr_str+1, FSR1H
0x0AA0	0x0E2D      	MOVLW       45
0x0AA2	0x6EE6      	MOVWF       POSTINC1 
0x0AA4	0x4A57      	INFSNZ      FARG_FloatToStr_str, 1 
0x0AA6	0x2A58      	INCF        FARG_FloatToStr_str+1, 1 
;__Lib_Conversions.c,608 :: 		
0x0AA8	0x5160      	MOVF        FloatToStr_dexpon_L0, 0, 1
0x0AAA	0x0800      	SUBLW       0
0x0AAC	0x6F60      	MOVWF       FloatToStr_dexpon_L0, 1
;__Lib_Conversions.c,609 :: 		
L_FloatToStr110:
;__Lib_Conversions.c,610 :: 		
0x0AAE	0xF05AC060  	MOVFF       FloatToStr_dexpon_L0, FloatToStr_d_L0
;__Lib_Conversions.c,611 :: 		
0x0AB2	0x0E80      	MOVLW       128
0x0AB4	0x0A09      	XORLW       9
0x0AB6	0x6E00      	MOVWF       R0 
0x0AB8	0x0E80      	MOVLW       128
0x0ABA	0x1960      	XORWF       FloatToStr_dexpon_L0, 0, 1
0x0ABC	0x5C00      	SUBWF       R0, 0 
0x0ABE	0xE20F      	BC          L_FloatToStr111
;__Lib_Conversions.c,612 :: 		
0x0AC0	0x0E0A      	MOVLW       10
0x0AC2	0x6E04      	MOVWF       R4 
0x0AC4	0xF000C05A  	MOVFF       FloatToStr_d_L0, R0
0x0AC8	0xF001EC18  	CALL        _Div_8X8_S, 0
0x0ACC	0xFFE1C057  	MOVFF       FARG_FloatToStr_str, FSR1L
0x0AD0	0xFFE2C058  	MOVFF       FARG_FloatToStr_str+1, FSR1H
0x0AD4	0x5000      	MOVF        R0, 0 
0x0AD6	0x0F30      	ADDLW       48
0x0AD8	0x6EE6      	MOVWF       POSTINC1 
0x0ADA	0x4A57      	INFSNZ      FARG_FloatToStr_str, 1 
0x0ADC	0x2A58      	INCF        FARG_FloatToStr_str+1, 1 
L_FloatToStr111:
;__Lib_Conversions.c,613 :: 		
0x0ADE	0x0E0A      	MOVLW       10
0x0AE0	0x6E04      	MOVWF       R4 
0x0AE2	0xF000C05A  	MOVFF       FloatToStr_d_L0, R0
0x0AE6	0xF001EC18  	CALL        _Div_8X8_S, 0
0x0AEA	0xF000C008  	MOVFF       R8, R0
0x0AEE	0xFFE1C057  	MOVFF       FARG_FloatToStr_str, FSR1L
0x0AF2	0xFFE2C058  	MOVFF       FARG_FloatToStr_str+1, FSR1H
0x0AF6	0x5000      	MOVF        R0, 0 
0x0AF8	0x0F30      	ADDLW       48
0x0AFA	0x6EE6      	MOVWF       POSTINC1 
0x0AFC	0x4A57      	INFSNZ      FARG_FloatToStr_str, 1 
0x0AFE	0x2A58      	INCF        FARG_FloatToStr_str+1, 1 
;__Lib_Conversions.c,614 :: 		
L_FloatToStr109:
;__Lib_Conversions.c,615 :: 		
0x0B00	0xFFE1C057  	MOVFF       FARG_FloatToStr_str, FSR1L
0x0B04	0xFFE2C058  	MOVFF       FARG_FloatToStr_str+1, FSR1H
0x0B08	0x6AE6      	CLRF        POSTINC1 
;__Lib_Conversions.c,616 :: 		
0x0B0A	0x6A00      	CLRF        R0 
;__Lib_Conversions.c,617 :: 		
L_end_FloatToStr:
0x0B0C	0x0012      	RETURN      0
; end of _FloatToStr
_word2double:
;__Lib_MathDouble.c,2335 :: 		
;__Lib_MathDouble.c,2344 :: 		
0x0B0E	0x5000      	MOVF        R0, 0, 0
;__Lib_MathDouble.c,2345 :: 		
0x0B10	0x6E08      	MOVWF       R8, 0
;__Lib_MathDouble.c,2346 :: 		
0x0B12	0x5001      	MOVF        R1, 0, 0
;__Lib_MathDouble.c,2347 :: 		
0x0B14	0x6E00      	MOVWF       R0, 0
;__Lib_MathDouble.c,2348 :: 		
0x0B16	0x6A01      	CLRF        R1, 0
;__Lib_MathDouble.c,2349 :: 		
0x0B18	0x6A02      	CLRF        R2, 0
;__Lib_MathDouble.c,2350 :: 		
0x0B1A	0x6A03      	CLRF        R3, 0
;__Lib_MathDouble.c,2353 :: 		
0x0B1C	0x6A0B      	CLRF        R11, 0
;__Lib_MathDouble.c,2354 :: 		
0x0B1E	0x6A0C      	CLRF        R12, 0
;__Lib_MathDouble.c,2356 :: 		
0x0B20	0x0E96      	MOVLW       150
;__Lib_MathDouble.c,2357 :: 		
0x0B22	0x6E03      	MOVWF       R3, 0
;__Lib_MathDouble.c,2358 :: 		
0x0B24	0x6A0A      	CLRF        R10, 0
;__Lib_MathDouble.c,2360 :: 		
0x0B26	0xF001C000  	MOVFF       R0, R1
;__Lib_MathDouble.c,2361 :: 		
0x0B2A	0xF000C008  	MOVFF       R8, R0
;__Lib_MathDouble.c,2362 :: 		
0x0B2E	0x6A08      	CLRF        R8, 0
;__Lib_MathDouble.c,2363 :: 		
0x0B30	0x6A02      	CLRF        R2, 0
;__Lib_MathDouble.c,2365 :: 		
0x0B32	0xF001EC6D  	CALL        _NRM3232, 0
;__Lib_MathDouble.c,2366 :: 		
L_end_word2double:
0x0B36	0x0012      	RETURN      0
; end of _word2double
_Lcd_Out:
;__Lib_Lcd.c,184 :: 		
;__Lib_Lcd.c,187 :: 		
0x0B38	0xD00F      	BRA         L_Lcd_Out11
;__Lib_Lcd.c,188 :: 		
L_Lcd_Out13:
0x0B3A	0x0E80      	MOVLW       128
0x0B3C	0x6E53      	MOVWF       FARG_Lcd_Out_row 
0x0B3E	0xD019      	BRA         L_Lcd_Out12
;__Lib_Lcd.c,189 :: 		
L_Lcd_Out14:
0x0B40	0x0EC0      	MOVLW       192
0x0B42	0x6E53      	MOVWF       FARG_Lcd_Out_row 
0x0B44	0xD016      	BRA         L_Lcd_Out12
;__Lib_Lcd.c,190 :: 		
L_Lcd_Out15:
0x0B46	0x0E94      	MOVLW       148
0x0B48	0x6E53      	MOVWF       FARG_Lcd_Out_row 
0x0B4A	0xD013      	BRA         L_Lcd_Out12
;__Lib_Lcd.c,191 :: 		
L_Lcd_Out16:
0x0B4C	0x0ED4      	MOVLW       212
0x0B4E	0x6E53      	MOVWF       FARG_Lcd_Out_row 
0x0B50	0xD010      	BRA         L_Lcd_Out12
;__Lib_Lcd.c,192 :: 		
L_Lcd_Out17:
0x0B52	0x0E80      	MOVLW       128
0x0B54	0x6E53      	MOVWF       FARG_Lcd_Out_row 
;__Lib_Lcd.c,193 :: 		
0x0B56	0xD00D      	BRA         L_Lcd_Out12
L_Lcd_Out11:
0x0B58	0x5053      	MOVF        FARG_Lcd_Out_row, 0 
0x0B5A	0x0A01      	XORLW       1
0x0B5C	0xE0EE      	BZ          L_Lcd_Out13
0x0B5E	0x5053      	MOVF        FARG_Lcd_Out_row, 0 
0x0B60	0x0A02      	XORLW       2
0x0B62	0xE0EE      	BZ          L_Lcd_Out14
0x0B64	0x5053      	MOVF        FARG_Lcd_Out_row, 0 
0x0B66	0x0A03      	XORLW       3
0x0B68	0xE0EE      	BZ          L_Lcd_Out15
0x0B6A	0x5053      	MOVF        FARG_Lcd_Out_row, 0 
0x0B6C	0x0A04      	XORLW       4
0x0B6E	0xE0EE      	BZ          L_Lcd_Out16
0x0B70	0xD7F0      	BRA         L_Lcd_Out17
L_Lcd_Out12:
;__Lib_Lcd.c,194 :: 		
0x0B72	0x0454      	DECF        FARG_Lcd_Out_column, 0 
0x0B74	0x6E00      	MOVWF       R0 
0x0B76	0x5053      	MOVF        FARG_Lcd_Out_row, 0 
0x0B78	0x2600      	ADDWF       R0, 1 
0x0B7A	0xF053C000  	MOVFF       R0, FARG_Lcd_Out_row
;__Lib_Lcd.c,196 :: 		
0x0B7E	0xF065C000  	MOVFF       R0, FARG_Lcd_Cmd_out_char
0x0B82	0xF000EC38  	CALL        _Lcd_Cmd, 0
;__Lib_Lcd.c,197 :: 		
0x0B86	0x904E      	BCF         __Lib_Lcd_cmd_status, BitPos(__Lib_Lcd_cmd_status+0) 
;__Lib_Lcd.c,198 :: 		
0x0B88	0x6A57      	CLRF        Lcd_Out_i_L0 
;__Lib_Lcd.c,199 :: 		
L_Lcd_Out18:
0x0B8A	0x5057      	MOVF        Lcd_Out_i_L0, 0 
0x0B8C	0x2455      	ADDWF       FARG_Lcd_Out_text, 0 
0x0B8E	0x6EE9      	MOVWF       FSR0L 
0x0B90	0x0E00      	MOVLW       0
0x0B92	0x2056      	ADDWFC      FARG_Lcd_Out_text+1, 0 
0x0B94	0x6EEA      	MOVWF       FSR0H 
0x0B96	0x52EE      	MOVF        POSTINC0, 1 
0x0B98	0xE00C      	BZ          L_Lcd_Out19
;__Lib_Lcd.c,200 :: 		
0x0B9A	0x5057      	MOVF        Lcd_Out_i_L0, 0 
0x0B9C	0x2455      	ADDWF       FARG_Lcd_Out_text, 0 
0x0B9E	0x6EE9      	MOVWF       FSR0L 
0x0BA0	0x0E00      	MOVLW       0
0x0BA2	0x2056      	ADDWFC      FARG_Lcd_Out_text+1, 0 
0x0BA4	0x6EEA      	MOVWF       FSR0H 
0x0BA6	0xF061CFEE  	MOVFF       POSTINC0, FARG_Lcd_Chr_CP_out_char
0x0BAA	0xF001EC12  	CALL        _Lcd_Chr_CP, 0
0x0BAE	0x2A57      	INCF        Lcd_Out_i_L0, 1 
0x0BB0	0xD7EC      	BRA         L_Lcd_Out18
L_Lcd_Out19:
;__Lib_Lcd.c,201 :: 		
0x0BB2	0x804E      	BSF         __Lib_Lcd_cmd_status, BitPos(__Lib_Lcd_cmd_status+0) 
;__Lib_Lcd.c,202 :: 		
L_end_Lcd_Out:
0x0BB4	0x0012      	RETURN      0
; end of _Lcd_Out
_main:
0x0BB6	0xF006EC4E  	CALL        3228, 0
;MyProject.c,23 :: 		void main ()
;MyProject.c,26 :: 		ADCON1 = 0b00001110;   //definindo registrador
0x0BBA	0x0E0E      	MOVLW       14
0x0BBC	0x6EC1      	MOVWF       ADCON1 
;MyProject.c,28 :: 		TRISB = 0X00;  //definido como saida
0x0BBE	0x6A93      	CLRF        TRISB 
;MyProject.c,29 :: 		PORTB = 0X00;    //iniciando em 0
0x0BC0	0x6A81      	CLRF        PORTB 
;MyProject.c,31 :: 		ADC_Init();
0x0BC2	0xDC7F      	RCALL       _ADC_Init
;MyProject.c,32 :: 		Lcd_Init();   // iniciar o display
0x0BC4	0xDC90      	RCALL       _Lcd_Init
;MyProject.c,33 :: 		Lcd_Cmd(_LCD_CLEAR);    //limpar o display
0x0BC6	0x0E01      	MOVLW       1
0x0BC8	0x0100      	MOVLB       0
0x0BCA	0x6F65      	MOVWF       FARG_Lcd_Cmd_out_char, 1
0x0BCC	0xF000EC38  	CALL        _Lcd_Cmd, 0
;MyProject.c,34 :: 		Lcd_Cmd(_LCD_CURSOR_OFF);
0x0BD0	0x0E0C      	MOVLW       12
0x0BD2	0x6F65      	MOVWF       FARG_Lcd_Cmd_out_char, 1
0x0BD4	0xF000EC38  	CALL        _Lcd_Cmd, 0
;MyProject.c,37 :: 		while(1)      //loop infinito
L_main0:
;MyProject.c,39 :: 		leituraAD = ((float)(ADC_Read(0))*5)/1023; //equacao para a converso AD
0x0BD8	0x6A53      	CLRF        FARG_ADC_Read_channel 
0x0BDA	0xDC4C      	RCALL       _ADC_Read
0x0BDC	0xDF98      	RCALL       _word2double
0x0BDE	0x0E00      	MOVLW       0
0x0BE0	0x6E04      	MOVWF       R4 
0x0BE2	0x0E00      	MOVLW       0
0x0BE4	0x6E05      	MOVWF       R5 
0x0BE6	0x0E20      	MOVLW       32
0x0BE8	0x6E06      	MOVWF       R6 
0x0BEA	0x0E81      	MOVLW       129
0x0BEC	0x6E07      	MOVWF       R7 
0x0BEE	0xF001ECA6  	CALL        _Mul_32x32_FP, 0
0x0BF2	0x0E00      	MOVLW       0
0x0BF4	0x6E04      	MOVWF       R4 
0x0BF6	0x0EC0      	MOVLW       192
0x0BF8	0x6E05      	MOVWF       R5 
0x0BFA	0x0E7F      	MOVLW       127
0x0BFC	0x6E06      	MOVWF       R6 
0x0BFE	0x0E88      	MOVLW       136
0x0C00	0x6E07      	MOVWF       R7 
0x0C02	0xDCBC      	RCALL       _Div_32x32_FP
0x0C04	0xF021C000  	MOVFF       R0, _leituraAD
0x0C08	0xF022C001  	MOVFF       R1, _leituraAD+1
0x0C0C	0xF023C002  	MOVFF       R2, _leituraAD+2
0x0C10	0xF024C003  	MOVFF       R3, _leituraAD+3
;MyProject.c,40 :: 		floatToStr(leituraAD, txt);    //transformar a leituraAD em string
0x0C14	0xF053C000  	MOVFF       R0, FARG_FloatToStr_fnum
0x0C18	0xF054C001  	MOVFF       R1, FARG_FloatToStr_fnum+1
0x0C1C	0xF055C002  	MOVFF       R2, FARG_FloatToStr_fnum+2
0x0C20	0xF056C003  	MOVFF       R3, FARG_FloatToStr_fnum+3
0x0C24	0x0E30      	MOVLW       _txt
0x0C26	0x6E57      	MOVWF       FARG_FloatToStr_str 
0x0C28	0x0E00      	MOVLW       hi_addr(_txt)
0x0C2A	0x6E58      	MOVWF       FARG_FloatToStr_str+1 
0x0C2C	0xDD61      	RCALL       _FloatToStr
;MyProject.c,42 :: 		Lcd_Out(1,1,"voltimetro:"); // a palavra voltimetro aparecera na tela do lcd ao ser ligado
0x0C2E	0x0E01      	MOVLW       1
0x0C30	0x6E53      	MOVWF       FARG_Lcd_Out_row 
0x0C32	0x0E01      	MOVLW       1
0x0C34	0x6E54      	MOVWF       FARG_Lcd_Out_column 
0x0C36	0x0E15      	MOVLW       ?lstr1_MyProject
0x0C38	0x6E55      	MOVWF       FARG_Lcd_Out_text 
0x0C3A	0x0E00      	MOVLW       hi_addr(?lstr1_MyProject)
0x0C3C	0x6E56      	MOVWF       FARG_Lcd_Out_text+1 
0x0C3E	0xDF7C      	RCALL       _Lcd_Out
;MyProject.c,43 :: 		Lcd_Out(2,5,txt);    // exibio do valor convertido
0x0C40	0x0E02      	MOVLW       2
0x0C42	0x6E53      	MOVWF       FARG_Lcd_Out_row 
0x0C44	0x0E05      	MOVLW       5
0x0C46	0x6E54      	MOVWF       FARG_Lcd_Out_column 
0x0C48	0x0E30      	MOVLW       _txt
0x0C4A	0x6E55      	MOVWF       FARG_Lcd_Out_text 
0x0C4C	0x0E00      	MOVLW       hi_addr(_txt)
0x0C4E	0x6E56      	MOVWF       FARG_Lcd_Out_text+1 
0x0C50	0xDF73      	RCALL       _Lcd_Out
;MyProject.c,46 :: 		delay_ms(100);   // tempo de espera
0x0C52	0x0E02      	MOVLW       2
0x0C54	0x6E0B      	MOVWF       R11, 0
0x0C56	0x0E04      	MOVLW       4
0x0C58	0x6E0C      	MOVWF       R12, 0
0x0C5A	0x0EBA      	MOVLW       186
0x0C5C	0x6E0D      	MOVWF       R13, 0
L_main2:
0x0C5E	0x2E0D      	DECFSZ      R13, 1, 0
0x0C60	0xD7FE      	BRA         L_main2
0x0C62	0x2E0C      	DECFSZ      R12, 1, 0
0x0C64	0xD7FC      	BRA         L_main2
0x0C66	0x2E0B      	DECFSZ      R11, 1, 0
0x0C68	0xD7FA      	BRA         L_main2
0x0C6A	0x0000      	NOP
;MyProject.c,47 :: 		Lcd_Cmd(_LCD_CLEAR);      //limpar o display
0x0C6C	0x0E01      	MOVLW       1
0x0C6E	0x6F65      	MOVWF       FARG_Lcd_Cmd_out_char, 1
0x0C70	0xF000EC38  	CALL        _Lcd_Cmd, 0
;MyProject.c,48 :: 		Lcd_Cmd(_LCD_CURSOR_OFF);
0x0C74	0x0E0C      	MOVLW       12
0x0C76	0x6F65      	MOVWF       FARG_Lcd_Cmd_out_char, 1
0x0C78	0xF000EC38  	CALL        _Lcd_Cmd, 0
;MyProject.c,50 :: 		}
0x0C7C	0xD7AD      	BRA         L_main0
;MyProject.c,52 :: 		}
L_end_main:
0x0C7E	0xD7FF      	BRA         $+0
; end of _main
0x0C9C	0xF015EE10  	LFSR        1, 21
0x0CA0	0x0E1B      	MOVLW       27
0x0CA2	0x6E00      	MOVWF       R0 
0x0CA4	0x0E01      	MOVLW       1
0x0CA6	0x6E01      	MOVWF       R1 
0x0CA8	0x0E80      	MOVLW       128
0x0CAA	0x6EF6      	MOVWF       4086 
0x0CAC	0x0E0C      	MOVLW       12
0x0CAE	0x6EF7      	MOVWF       TBLPTRH 
0x0CB0	0x0E00      	MOVLW       0
0x0CB2	0x6EF8      	MOVWF       TBLPTRU 
0x0CB4	0xF002EC59  	CALL        1202, 0
0x0CB8	0x0012      	RETURN      0
;MyProject.c,0 :: ?ICS?lstr1_MyProject
0x0C80	0x6F76 ;?ICS?lstr1_MyProject+0
0x0C82	0x746C ;?ICS?lstr1_MyProject+2
0x0C84	0x6D69 ;?ICS?lstr1_MyProject+4
0x0C86	0x7465 ;?ICS?lstr1_MyProject+6
0x0C88	0x6F72 ;?ICS?lstr1_MyProject+8
0x0C8A	0x003A ;?ICS?lstr1_MyProject+10
; end of ?ICS?lstr1_MyProject
;MyProject.c,0 :: ?ICS_leituraAD
0x0C8C	0x0000 ;?ICS_leituraAD+0
0x0C8E	0x0000 ;?ICS_leituraAD+2
; end of ?ICS_leituraAD
;__Lib_Conversions.c,0 :: ?ICS?lstr3___Lib_Conversions
0x0C90	0x4E49 ;?ICS?lstr3___Lib_Conversions+0
0x0C92	0x0046 ;?ICS?lstr3___Lib_Conversions+2
; end of ?ICS?lstr3___Lib_Conversions
;__Lib_ADC_A_D.c,0 :: ?ICS_vref_mask
0x0C94	0x30 ;?ICS_vref_mask+0
; end of ?ICS_vref_mask
;__Lib_Conversions.c,0 :: ?ICS?lstr2___Lib_Conversions
0x0C95	0x0030 ;?ICS?lstr2___Lib_Conversions+0
; end of ?ICS?lstr2___Lib_Conversions
;__Lib_Conversions.c,0 :: ?ICS?lstr1___Lib_Conversions
0x0C97	0x614E ;?ICS?lstr1___Lib_Conversions+0
0x0C99	0x004E ;?ICS?lstr1___Lib_Conversions+2
; end of ?ICS?lstr1___Lib_Conversions
Symbol List:
//** Routines locations **
//ADDRESS    SIZE    PROCEDURE
//----------------------------------------------
0x001C       [6]    _Delay_1us
0x0022      [22]    _Delay_5500us
0x0038      [10]    _Delay_50us
0x0042      [14]    _RES032
0x0050      [24]    _SETFOV32
0x0068       [8]    _FIXSIGN32
0x0070     [126]    _Lcd_Cmd
0x00EE      [26]    _SETFUN32
0x0108      [78]    _strcpy
0x0156     [206]    _Compare_Double
0x0224      [12]    _Lcd_Chr_CP
0x0230     [158]    _Div_8X8_S
0x02CE      [12]    _Delay_22us
0x02DA     [114]    _NRM3232
0x034C     [288]    _Mul_32x32_FP
0x046C       [8]    _SETFDZ32
0x0474      [62]    _ADC_Read
0x04B2      [16]    ___CC2DW
0x04C2      [36]    _ADC_Init
0x04E6     [150]    _Lcd_Init
0x057C     [372]    _Div_32x32_FP
0x06F0    [1054]    _FloatToStr
0x0B0E      [42]    _word2double
0x0B38     [126]    _Lcd_Out
0x0BB6     [202]    _main
//** Variables locations ** 
//ADDRESS    SIZE    VARIABLE
//----------------------------------------------
0x0000       [1]    R0
0x0001       [1]    R1
0x0001       [1]    ispunct_rslt_L0
0x0002       [2]    memchr_s_L0
0x0002       [2]    memset_pp_L0
0x0002       [1]    R2
0x0002       [2]    strlen_cp_L0
0x0002       [2]    memcpy_dd_L0
0x0003       [2]    memmove_tt_L0
0x0003       [2]    Ltrim_original_L0
0x0003       [1]    R3
0x0004       [2]    strncat_cp_L0
0x0004       [1]    R4
0x0004       [2]    strcpy_cp_L0
0x0004       [2]    memcpy_ss_L0
0x0004       [2]    strncpy_cp_L0
0x0004       [2]    strcat_cp_L0
0x0005       [2]    Ltrim_p_L0
0x0005       [2]    memmove_ff_L0
0x0005       [2]    LongWordToHex_input_half_L0
0x0005       [1]    R5
0x0005       [2]    LongIntToHex_input_half_L0
0x0006       [1]    R6
0x0007       [1]    R7
0x0008       [1]    R8
0x0009       [1]    R9
0x000A       [1]    R10
0x000B       [1]    R11
0x000C       [1]    R12
0x000D       [1]    R13
0x000E       [1]    R14
0x000F       [1]    R15
0x0010       [1]    R16
0x0011       [1]    R17
0x0012       [1]    R18
0x0013       [1]    R19
0x0014       [1]    R20
0x0015      [12]    ?lstr1_MyProject
0x0021       [4]    _leituraAD
0x0025       [4]    ?lstr3___Lib_Conversions
0x0029       [1]    _vref_mask
0x002A       [2]    ?lstr2___Lib_Conversions
0x002C       [4]    ?lstr1___Lib_Conversions
0x0030      [30]    _txt
0x004E       [0]    __Lib_Lcd_cmd_status
0x004F       [4]    _ADC_Get_Sample_Ptr
0x0053       [1]    FARG_ADC_Read_channel
0x0053       [1]    FARG_Lcd_Out_row
0x0053       [4]    FARG_FloatToStr_fnum
0x0054       [1]    FARG_Lcd_Out_column
0x0055       [2]    FARG_Lcd_Out_text
0x0057       [2]    FARG_FloatToStr_str
0x0057       [1]    Lcd_Out_i_L0
0x0059       [1]    FloatToStr_i_L0
0x005A       [1]    FloatToStr_d_L0
0x005B       [4]    FloatToStr_un_L0
0x005F       [1]    FloatToStr_bpoint_L0
0x0060       [1]    FloatToStr_dexpon_L0
0x0061       [2]    FARG_strcpy_to
0x0061       [1]    FARG_Lcd_Chr_CP_out_char
0x0063       [2]    FARG_strcpy_from
0x0065       [1]    FARG_Lcd_Cmd_out_char
0x0F81       [0]    LCD_D5
0x0F81       [0]    LCD_D4
0x0F81       [0]    LCD_D6
0x0F81       [0]    LCD_D7
0x0F81       [0]    LCD_RS
0x0F81       [0]    RB5_bit
0x0F81       [0]    RB7_bit
0x0F81       [0]    RB6_bit
0x0F81       [0]    RB4_bit
0x0F81       [0]    RB2_bit
0x0F81       [0]    RB3_bit
0x0F81       [0]    LCD_EN
0x0F81       [1]    PORTB
0x0F93       [0]    TRISB3_bit
0x0F93       [0]    LCD_D4_Direction
0x0F93       [0]    TRISB4_bit
0x0F93       [0]    LCD_D6_Direction
0x0F93       [0]    TRISB6_bit
0x0F93       [0]    TRISB5_bit
0x0F93       [0]    LCD_RS_Direction
0x0F93       [0]    LCD_D7_Direction
0x0F93       [0]    TRISB2_bit
0x0F93       [0]    LCD_EN_Direction
0x0F93       [0]    LCD_D5_Direction
0x0F93       [1]    TRISB
0x0F93       [0]    TRISB7_bit
0x0FC0       [1]    ADCON2
0x0FC1       [1]    ADCON1
0x0FC2       [1]    ADCON0
0x0FC3       [1]    ADRESL
0x0FC4       [1]    ADRESH
0x0FD8       [1]    STATUS
0x0FD9       [1]    FSR2L
0x0FDA       [1]    FSR2H
0x0FDE       [1]    POSTINC2
0x0FE0       [1]    BSR
0x0FE1       [1]    FSR1L
0x0FE2       [1]    FSR1H
0x0FE4       [1]    PREINC1
0x0FE6       [1]    POSTINC1
0x0FE7       [1]    INDF1
0x0FE8       [1]    WREG
0x0FE9       [1]    FSR0L
0x0FEA       [1]    FSR0H
0x0FEE       [1]    POSTINC0
0x0FF3       [1]    PRODL
0x0FF4       [1]    PRODH
0x0FF5       [1]    TABLAT
0x0FF6       [1]    TBLPTRL
0x0FF7       [1]    TBLPTRH
0x0FF8       [1]    TBLPTRU
//** Constants locations ** 
//ADDRESS    SIZE    CONSTANT
//----------------------------------------------
0x0C80      [12]    ?ICS?lstr1_MyProject
0x0C8C       [4]    ?ICS_leituraAD
0x0C90       [4]    ?ICS?lstr3___Lib_Conversions
0x0C94       [1]    ?ICS_vref_mask
0x0C95       [2]    ?ICS?lstr2___Lib_Conversions
0x0C97       [4]    ?ICS?lstr1___Lib_Conversions
